[main] 2021-08-229 08:02:20 INFO  com.app.Main  - Welcome to Hari's Online Shopping APP
[main] 2021-08-229 08:02:20 INFO  com.app.Main  - --------------------------------------
[main] 2021-08-229 08:02:20 INFO  com.app.Main  - 
MAIN MENU
[main] 2021-08-229 08:02:20 INFO  com.app.Main  - 1)Login as Customer
[main] 2021-08-229 08:02:20 INFO  com.app.Main  - 2)Login as Employee
[main] 2021-08-229 08:02:20 INFO  com.app.Main  - 3)Register as Customer
[main] 2021-08-229 08:02:20 INFO  com.app.Main  - 4)EXIT
[main] 2021-08-229 08:02:20 INFO  com.app.Main  - Please enter your choice 1-4 only
[main] 2021-08-229 08:02:25 INFO  com.app.Main  - 
MAIN MENU
[main] 2021-08-229 08:02:25 INFO  com.app.Main  - 1)Login as Customer
[main] 2021-08-229 08:02:25 INFO  com.app.Main  - 2)Login as Employee
[main] 2021-08-229 08:02:25 INFO  com.app.Main  - 3)Register as Customer
[main] 2021-08-229 08:02:25 INFO  com.app.Main  - 4)EXIT
[main] 2021-08-229 08:02:25 INFO  com.app.Main  - Please enter your choice 1-4 only
[main] 2021-08-229 08:02:30 INFO  com.app.Main  - 
MAIN MENU
[main] 2021-08-229 08:02:30 INFO  com.app.Main  - 1)Login as Customer
[main] 2021-08-229 08:02:30 INFO  com.app.Main  - 2)Login as Employee
[main] 2021-08-229 08:02:30 INFO  com.app.Main  - 3)Register as Customer
[main] 2021-08-229 08:02:30 INFO  com.app.Main  - 4)EXIT
[main] 2021-08-229 08:02:30 INFO  com.app.Main  - Please enter your choice 1-4 only
[main] 2021-08-229 08:02:32 INFO  com.app.Main  - 
MAIN MENU
[main] 2021-08-229 08:02:32 INFO  com.app.Main  - 1)Login as Customer
[main] 2021-08-229 08:02:32 INFO  com.app.Main  - 2)Login as Employee
[main] 2021-08-229 08:02:32 INFO  com.app.Main  - 3)Register as Customer
[main] 2021-08-229 08:02:32 INFO  com.app.Main  - 4)EXIT
[main] 2021-08-229 08:02:32 INFO  com.app.Main  - Please enter your choice 1-4 only
[main] 2021-08-229 08:03:13 INFO  com.app.Main  - Welcome to Hari's Online Shopping APP
[main] 2021-08-229 08:03:13 INFO  com.app.Main  - --------------------------------------
[main] 2021-08-229 08:03:13 INFO  com.app.Main  - 
MAIN MENU
[main] 2021-08-229 08:03:13 INFO  com.app.Main  - 1)Login as Customer
[main] 2021-08-229 08:03:13 INFO  com.app.Main  - 2)Login as Employee
[main] 2021-08-229 08:03:13 INFO  com.app.Main  - 3)Register as Customer
[main] 2021-08-229 08:03:13 INFO  com.app.Main  - 4)EXIT
[main] 2021-08-229 08:03:13 INFO  com.app.Main  - Please enter your choice 1-4 only
[main] 2021-08-229 08:03:19 INFO  com.app.Main  - 
MAIN MENU
[main] 2021-08-229 08:03:19 INFO  com.app.Main  - 1)Login as Customer
[main] 2021-08-229 08:03:19 INFO  com.app.Main  - 2)Login as Employee
[main] 2021-08-229 08:03:19 INFO  com.app.Main  - 3)Register as Customer
[main] 2021-08-229 08:03:19 INFO  com.app.Main  - 4)EXIT
[main] 2021-08-229 08:03:19 INFO  com.app.Main  - Please enter your choice 1-4 only
[main] 2021-08-229 08:03:24 ERROR com.app.Main  - java.lang.NumberFormatException: For input string: "dfj"
[main] 2021-08-229 08:03:24 INFO  com.app.Main  - 
MAIN MENU
[main] 2021-08-229 08:03:24 INFO  com.app.Main  - 1)Login as Customer
[main] 2021-08-229 08:03:24 INFO  com.app.Main  - 2)Login as Employee
[main] 2021-08-229 08:03:24 INFO  com.app.Main  - 3)Register as Customer
[main] 2021-08-229 08:03:24 INFO  com.app.Main  - 4)EXIT
[main] 2021-08-229 08:03:24 INFO  com.app.Main  - Please enter your choice 1-4 only
[main] 2021-08-229 08:03:52 INFO  com.app.Main  - Welcome to Hari's Online Shopping APP
[main] 2021-08-229 08:03:52 INFO  com.app.Main  - --------------------------------------
[main] 2021-08-229 08:03:52 INFO  com.app.Main  - 
MAIN MENU
[main] 2021-08-229 08:03:52 INFO  com.app.Main  - 1)Login as Customer
[main] 2021-08-229 08:03:52 INFO  com.app.Main  - 2)Login as Employee
[main] 2021-08-229 08:03:52 INFO  com.app.Main  - 3)Register as Customer
[main] 2021-08-229 08:03:52 INFO  com.app.Main  - 4)EXIT
[main] 2021-08-229 08:03:52 INFO  com.app.Main  - Please enter your choice 1-4 only
[main] 2021-08-229 08:03:55 ERROR com.app.Main  - For input string: "irewori"
[main] 2021-08-229 08:03:55 INFO  com.app.Main  - 
MAIN MENU
[main] 2021-08-229 08:03:55 INFO  com.app.Main  - 1)Login as Customer
[main] 2021-08-229 08:03:55 INFO  com.app.Main  - 2)Login as Employee
[main] 2021-08-229 08:03:55 INFO  com.app.Main  - 3)Register as Customer
[main] 2021-08-229 08:03:55 INFO  com.app.Main  - 4)EXIT
[main] 2021-08-229 08:03:55 INFO  com.app.Main  - Please enter your choice 1-4 only
[main] 2021-08-229 08:05:03 INFO  com.app.Main  - Welcome to Hari's Online Shopping APP
[main] 2021-08-229 08:05:03 INFO  com.app.Main  - --------------------------------------
[main] 2021-08-229 08:05:03 INFO  com.app.Main  - 
MAIN MENU
[main] 2021-08-229 08:05:03 INFO  com.app.Main  - 1)Login as Customer
[main] 2021-08-229 08:05:03 INFO  com.app.Main  - 2)Login as Employee
[main] 2021-08-229 08:05:03 INFO  com.app.Main  - 3)Register as Customer
[main] 2021-08-229 08:05:03 INFO  com.app.Main  - 4)EXIT
[main] 2021-08-229 08:05:06 WARN  com.app.Main  - Please enter your choice 1-4 only
[main] 2021-08-229 08:05:06 INFO  com.app.Main  - 
MAIN MENU
[main] 2021-08-229 08:05:06 INFO  com.app.Main  - 1)Login as Customer
[main] 2021-08-229 08:05:06 INFO  com.app.Main  - 2)Login as Employee
[main] 2021-08-229 08:05:06 INFO  com.app.Main  - 3)Register as Customer
[main] 2021-08-229 08:05:06 INFO  com.app.Main  - 4)EXIT
[main] 2021-08-229 08:05:12 WARN  com.app.Main  - Please enter your choice 1-4 only
[main] 2021-08-229 08:05:12 INFO  com.app.Main  - 
MAIN MENU
[main] 2021-08-229 08:05:12 INFO  com.app.Main  - 1)Login as Customer
[main] 2021-08-229 08:05:12 INFO  com.app.Main  - 2)Login as Employee
[main] 2021-08-229 08:05:12 INFO  com.app.Main  - 3)Register as Customer
[main] 2021-08-229 08:05:12 INFO  com.app.Main  - 4)EXIT
[main] 2021-08-229 08:05:16 INFO  com.app.Main  - 
MAIN MENU
[main] 2021-08-229 08:05:16 INFO  com.app.Main  - 1)Login as Customer
[main] 2021-08-229 08:05:16 INFO  com.app.Main  - 2)Login as Employee
[main] 2021-08-229 08:05:16 INFO  com.app.Main  - 3)Register as Customer
[main] 2021-08-229 08:05:16 INFO  com.app.Main  - 4)EXIT
[main] 2021-08-229 08:05:56 INFO  com.app.Main  - Welcome to Hari's Online Shopping APP
[main] 2021-08-229 08:05:56 INFO  com.app.Main  - --------------------------------------
[main] 2021-08-229 08:05:56 INFO  com.app.Main  - 
MAIN MENU
[main] 2021-08-229 08:05:56 INFO  com.app.Main  - 1)Login as Customer
[main] 2021-08-229 08:05:56 INFO  com.app.Main  - 2)Login as Employee
[main] 2021-08-229 08:05:56 INFO  com.app.Main  - 3)Register as Customer
[main] 2021-08-229 08:05:56 INFO  com.app.Main  - 4)EXIT
[main] 2021-08-229 08:05:58 INFO  com.app.Main  - 
MAIN MENU
[main] 2021-08-229 08:05:58 INFO  com.app.Main  - 1)Login as Customer
[main] 2021-08-229 08:05:58 INFO  com.app.Main  - 2)Login as Employee
[main] 2021-08-229 08:05:58 INFO  com.app.Main  - 3)Register as Customer
[main] 2021-08-229 08:05:58 INFO  com.app.Main  - 4)EXIT
[main] 2021-08-229 09:22:51 WARN  com.app.test.CustomerTest  - com.app.exception.BusinessException: Invalid Customer id 10
[main] 2021-08-229 09:25:57 WARN  com.app.test.CustomerTest  - com.app.exception.BusinessException: Entered Customer ID 106 doesn't exist
[main] 2021-08-229 09:27:23 WARN  com.app.test.CustomerTest  - com.app.exception.BusinessException: SignIn Unsuccessfull, Kindly Register first....
[main] 2021-08-229 09:43:07 WARN  com.app.test.CustomerTest  - com.app.exception.BusinessException: SignIn Unsuccessfull, Kindly Register first....
[main] 2021-08-229 10:28:08 INFO  com.app.Main  - Welcome to Hari's Online Shopping APP
[main] 2021-08-229 10:28:08 INFO  com.app.Main  - --------------------------------------
[main] 2021-08-229 10:28:08 INFO  com.app.Main  - 
MAIN MENU
[main] 2021-08-229 10:28:08 INFO  com.app.Main  - 1)Login as Customer
[main] 2021-08-229 10:28:08 INFO  com.app.Main  - 2)Login as Employee
[main] 2021-08-229 10:28:08 INFO  com.app.Main  - 3)Register as Customer
[main] 2021-08-229 10:28:08 INFO  com.app.Main  - 4)EXIT
[main] 2021-08-229 10:28:08 INFO  com.app.Main  - Please enter your choice 1-4 only
[main] 2021-08-229 10:28:11 INFO  com.app.Main  - Enter Customer id
[main] 2021-08-229 10:28:11 INFO  com.app.Main  - 
MAIN MENU
[main] 2021-08-229 10:28:11 INFO  com.app.Main  - 1)Login as Customer
[main] 2021-08-229 10:28:11 INFO  com.app.Main  - 2)Login as Employee
[main] 2021-08-229 10:28:11 INFO  com.app.Main  - 3)Register as Customer
[main] 2021-08-229 10:28:11 INFO  com.app.Main  - 4)EXIT
[main] 2021-08-229 10:28:11 INFO  com.app.Main  - Please enter your choice 1-4 only
[main] 2021-08-229 10:43:16 INFO  com.app.Main  - Welcome to Hari's Online Shopping APP
[main] 2021-08-229 10:43:16 INFO  com.app.Main  - --------------------------------------
[main] 2021-08-229 10:43:16 INFO  com.app.Main  - 
MAIN MENU
[main] 2021-08-229 10:43:16 INFO  com.app.Main  - 1)Login as Customer
[main] 2021-08-229 10:43:16 INFO  com.app.Main  - 2)Login as Employee
[main] 2021-08-229 10:43:16 INFO  com.app.Main  - 3)Register as Customer
[main] 2021-08-229 10:43:16 INFO  com.app.Main  - 4)EXIT
[main] 2021-08-229 10:43:16 INFO  com.app.Main  - Please enter your choice 1-4 only
[main] 2021-08-229 10:43:19 INFO  com.app.Main  - Enter Customer id
[main] 2021-08-229 10:43:33 WARN  com.app.Main  - SignIn Unsuccessfull, Kindly Register first....
[main] 2021-08-229 10:43:33 INFO  com.app.Main  - 
MAIN MENU
[main] 2021-08-229 10:43:33 INFO  com.app.Main  - 1)Login as Customer
[main] 2021-08-229 10:43:33 INFO  com.app.Main  - 2)Login as Employee
[main] 2021-08-229 10:43:33 INFO  com.app.Main  - 3)Register as Customer
[main] 2021-08-229 10:43:33 INFO  com.app.Main  - 4)EXIT
[main] 2021-08-229 10:43:33 INFO  com.app.Main  - Please enter your choice 1-4 only
[main] 2021-08-229 10:44:18 INFO  com.app.Main  - Welcome to Hari's Online Shopping APP
[main] 2021-08-229 10:44:18 INFO  com.app.Main  - --------------------------------------
[main] 2021-08-229 10:44:18 INFO  com.app.Main  - 
MAIN MENU
[main] 2021-08-229 10:44:18 INFO  com.app.Main  - 1)Login as Customer
[main] 2021-08-229 10:44:18 INFO  com.app.Main  - 2)Login as Employee
[main] 2021-08-229 10:44:18 INFO  com.app.Main  - 3)Register as Customer
[main] 2021-08-229 10:44:18 INFO  com.app.Main  - 4)EXIT
[main] 2021-08-229 10:44:18 INFO  com.app.Main  - Please enter your choice 1-4 only
[main] 2021-08-229 10:44:22 INFO  com.app.Main  - Enter Customer id
[main] 2021-08-229 10:44:26 INFO  com.app.Main  - SignIn Successfull
[main] 2021-08-229 10:44:26 INFO  com.app.Main  - 
MAIN MENU
[main] 2021-08-229 10:44:26 INFO  com.app.Main  - 1)Login as Customer
[main] 2021-08-229 10:44:26 INFO  com.app.Main  - 2)Login as Employee
[main] 2021-08-229 10:44:26 INFO  com.app.Main  - 3)Register as Customer
[main] 2021-08-229 10:44:26 INFO  com.app.Main  - 4)EXIT
[main] 2021-08-229 10:44:26 INFO  com.app.Main  - Please enter your choice 1-4 only
[main] 2021-08-229 10:46:37 INFO  com.app.Main  - Welcome to Hari's Online Shopping APP
[main] 2021-08-229 10:46:37 INFO  com.app.Main  - --------------------------------------
[main] 2021-08-229 10:46:37 INFO  com.app.Main  - 
MAIN MENU
[main] 2021-08-229 10:46:37 INFO  com.app.Main  - 1)Login as Customer
[main] 2021-08-229 10:46:37 INFO  com.app.Main  - 2)Login as Employee
[main] 2021-08-229 10:46:37 INFO  com.app.Main  - 3)Register as Customer
[main] 2021-08-229 10:46:37 INFO  com.app.Main  - 4)EXIT
[main] 2021-08-229 10:46:37 INFO  com.app.Main  - Please enter your choice 1-4 only
[main] 2021-08-229 10:46:45 INFO  com.app.Main  - Enter Customer id
[main] 2021-08-229 10:46:47 WARN  com.app.Main  - Invalid Customer id 156
[main] 2021-08-229 10:46:47 INFO  com.app.Main  - 
MAIN MENU
[main] 2021-08-229 10:46:47 INFO  com.app.Main  - 1)Login as Customer
[main] 2021-08-229 10:46:47 INFO  com.app.Main  - 2)Login as Employee
[main] 2021-08-229 10:46:47 INFO  com.app.Main  - 3)Register as Customer
[main] 2021-08-229 10:46:47 INFO  com.app.Main  - 4)EXIT
[main] 2021-08-229 10:46:47 INFO  com.app.Main  - Please enter your choice 1-4 only
[main] 2021-08-229 10:46:55 INFO  com.app.Main  - Enter Customer id
[main] 2021-08-229 10:47:01 WARN  com.app.Main  - SignIn Unsuccessfull, Kindly Register first....
[main] 2021-08-229 10:47:01 INFO  com.app.Main  - 
MAIN MENU
[main] 2021-08-229 10:47:01 INFO  com.app.Main  - 1)Login as Customer
[main] 2021-08-229 10:47:01 INFO  com.app.Main  - 2)Login as Employee
[main] 2021-08-229 10:47:01 INFO  com.app.Main  - 3)Register as Customer
[main] 2021-08-229 10:47:01 INFO  com.app.Main  - 4)EXIT
[main] 2021-08-229 10:47:01 INFO  com.app.Main  - Please enter your choice 1-4 only
[main] 2021-08-229 11:53:10 INFO  com.app.Main  - Welcome to Hari's Online Shopping APP
[main] 2021-08-229 11:53:10 INFO  com.app.Main  - --------------------------------------
[main] 2021-08-229 11:53:10 INFO  com.app.Main  - 
MAIN MENU
[main] 2021-08-229 11:53:10 INFO  com.app.Main  - 1)Login as Customer
[main] 2021-08-229 11:53:10 INFO  com.app.Main  - 2)Login as Employee
[main] 2021-08-229 11:53:10 INFO  com.app.Main  - 3)Register as Customer
[main] 2021-08-229 11:53:10 INFO  com.app.Main  - 4)EXIT
[main] 2021-08-229 11:53:10 INFO  com.app.Main  - Please enter your choice 1-4 only
[main] 2021-08-229 11:53:18 INFO  com.app.Main  - Enter Customer id
[main] 2021-08-229 11:53:39 WARN  com.app.Main  - SignIn Unsuccessfull, Kindly Register first....
[main] 2021-08-229 11:53:39 INFO  com.app.Main  - 
MAIN MENU
[main] 2021-08-229 11:53:39 INFO  com.app.Main  - 1)Login as Customer
[main] 2021-08-229 11:53:39 INFO  com.app.Main  - 2)Login as Employee
[main] 2021-08-229 11:53:39 INFO  com.app.Main  - 3)Register as Customer
[main] 2021-08-229 11:53:39 INFO  com.app.Main  - 4)EXIT
[main] 2021-08-229 11:53:39 INFO  com.app.Main  - Please enter your choice 1-4 only
[main] 2021-08-229 11:54:07 INFO  com.app.Main  - Register by using Id, First name, Last name, Email and Password
[main] 2021-08-229 11:54:07 INFO  com.app.Main  - Enter Customer Id
[main] 2021-08-229 11:54:11 INFO  com.app.Main  - Enter Customer First Name
[main] 2021-08-229 11:54:19 INFO  com.app.Main  - Enter Customer Last Name
[main] 2021-08-229 11:54:23 INFO  com.app.Main  - Enter Customer email
[main] 2021-08-229 11:54:23 INFO  com.app.Main  - Enter Customer password
[main] 2021-08-229 11:54:52 INFO  com.app.authentication.dao.impl.CustomerAuthenticationDAOImpl  - 1 row created successfully
[main] 2021-08-229 11:54:52 INFO  com.app.Main  - Customer [id=104, firstName=Dhamo, lastName=Dharan, email=, password=dhamodharan123@gmail.com]
[main] 2021-08-229 11:54:52 INFO  com.app.Main  - SignUp Successfull
[main] 2021-08-229 11:54:52 INFO  com.app.Main  - 
MAIN MENU
[main] 2021-08-229 11:54:52 INFO  com.app.Main  - 1)Login as Customer
[main] 2021-08-229 11:54:52 INFO  com.app.Main  - 2)Login as Employee
[main] 2021-08-229 11:54:52 INFO  com.app.Main  - 3)Register as Customer
[main] 2021-08-229 11:54:52 INFO  com.app.Main  - 4)EXIT
[main] 2021-08-229 11:54:52 INFO  com.app.Main  - Please enter your choice 1-4 only
[main] 2021-08-229 11:54:52 ERROR com.app.Main  - java.lang.NumberFormatException: For input string: ""
[main] 2021-08-229 11:54:52 INFO  com.app.Main  - Register by using Id, First name, Last name, Email and Password
[main] 2021-08-229 11:54:52 INFO  com.app.Main  - Enter Customer Id
[main] 2021-08-229 11:57:15 INFO  com.app.Main  - Welcome to Hari's Online Shopping APP
[main] 2021-08-229 11:57:15 INFO  com.app.Main  - --------------------------------------
[main] 2021-08-229 11:57:15 INFO  com.app.Main  - 
MAIN MENU
[main] 2021-08-229 11:57:15 INFO  com.app.Main  - 1)Login as Customer
[main] 2021-08-229 11:57:15 INFO  com.app.Main  - 2)Login as Employee
[main] 2021-08-229 11:57:15 INFO  com.app.Main  - 3)Register as Customer
[main] 2021-08-229 11:57:15 INFO  com.app.Main  - 4)EXIT
[main] 2021-08-229 11:57:15 INFO  com.app.Main  - Please enter your choice 1-4 only
[main] 2021-08-229 11:57:20 INFO  com.app.Main  - Enter Customer id
[main] 2021-08-229 11:57:24 INFO  com.app.Main  - SignIn Successfull
[main] 2021-08-229 11:57:24 INFO  com.app.Main  - 
MAIN MENU
[main] 2021-08-229 11:57:24 INFO  com.app.Main  - 1)Login as Customer
[main] 2021-08-229 11:57:24 INFO  com.app.Main  - 2)Login as Employee
[main] 2021-08-229 11:57:24 INFO  com.app.Main  - 3)Register as Customer
[main] 2021-08-229 11:57:24 INFO  com.app.Main  - 4)EXIT
[main] 2021-08-229 11:57:24 INFO  com.app.Main  - Please enter your choice 1-4 only
[main] 2021-08-229 11:57:33 INFO  com.app.Main  - Register by using Id, First name, Last name, Email and Password
[main] 2021-08-229 11:57:33 INFO  com.app.Main  - Enter Customer Id
[main] 2021-08-229 11:57:36 INFO  com.app.Main  - Enter Customer First Name
[main] 2021-08-229 11:57:44 INFO  com.app.Main  - Enter Customer Last Name
[main] 2021-08-229 11:57:44 INFO  com.app.Main  - Enter Customer email
[main] 2021-08-229 11:58:26 INFO  com.app.Main  - Welcome to Hari's Online Shopping APP
[main] 2021-08-229 11:58:26 INFO  com.app.Main  - --------------------------------------
[main] 2021-08-229 11:58:26 INFO  com.app.Main  - 
MAIN MENU
[main] 2021-08-229 11:58:26 INFO  com.app.Main  - 1)Login as Customer
[main] 2021-08-229 11:58:26 INFO  com.app.Main  - 2)Login as Employee
[main] 2021-08-229 11:58:26 INFO  com.app.Main  - 3)Register as Customer
[main] 2021-08-229 11:58:26 INFO  com.app.Main  - 4)EXIT
[main] 2021-08-229 11:58:26 INFO  com.app.Main  - Please enter your choice 1-4 only
[main] 2021-08-229 11:58:34 INFO  com.app.Main  - Enter Customer id
[main] 2021-08-229 11:58:37 WARN  com.app.Main  - SignIn Unsuccessfull, Kindly Register first....
[main] 2021-08-229 11:58:37 INFO  com.app.Main  - 
MAIN MENU
[main] 2021-08-229 11:58:37 INFO  com.app.Main  - 1)Login as Customer
[main] 2021-08-229 11:58:37 INFO  com.app.Main  - 2)Login as Employee
[main] 2021-08-229 11:58:37 INFO  com.app.Main  - 3)Register as Customer
[main] 2021-08-229 11:58:37 INFO  com.app.Main  - 4)EXIT
[main] 2021-08-229 11:58:37 INFO  com.app.Main  - Please enter your choice 1-4 only
[main] 2021-08-229 11:58:43 INFO  com.app.Main  - Register by using Id, First name, Last name, Email and Password
[main] 2021-08-229 11:58:43 INFO  com.app.Main  - Enter Customer Id
[main] 2021-08-229 11:58:45 INFO  com.app.Main  - Enter Customer First Name
[main] 2021-08-229 11:59:11 INFO  com.app.Main  - Enter Customer Last Name
[main] 2021-08-229 11:59:17 INFO  com.app.Main  - Enter Customer email
[main] 2021-08-229 11:59:27 INFO  com.app.Main  - Enter Customer password
[main] 2021-08-229 11:59:34 INFO  com.app.authentication.dao.impl.CustomerAuthenticationDAOImpl  - 1 row created successfully
[main] 2021-08-229 11:59:34 INFO  com.app.Main  - Customer [id=105, firstName=Sabari, lastName=Nathan, email=sabarinathan123@gmail.com, password=sabari@123]
[main] 2021-08-229 11:59:34 INFO  com.app.Main  - SignUp Successfull
[main] 2021-08-229 11:59:34 INFO  com.app.Main  - 
MAIN MENU
[main] 2021-08-229 11:59:34 INFO  com.app.Main  - 1)Login as Customer
[main] 2021-08-229 11:59:34 INFO  com.app.Main  - 2)Login as Employee
[main] 2021-08-229 11:59:34 INFO  com.app.Main  - 3)Register as Customer
[main] 2021-08-229 11:59:34 INFO  com.app.Main  - 4)EXIT
[main] 2021-08-229 11:59:34 INFO  com.app.Main  - Please enter your choice 1-4 only
[main] 2021-08-229 11:59:34 ERROR com.app.Main  - java.lang.NumberFormatException: For input string: ""
[main] 2021-08-229 11:59:34 INFO  com.app.Main  - Register by using Id, First name, Last name, Email and Password
[main] 2021-08-229 11:59:34 INFO  com.app.Main  - Enter Customer Id
[main] 2021-08-229 12:30:08 INFO  com.app.Main  - Welcome to Hari's Online Shopping APP
[main] 2021-08-229 12:30:08 INFO  com.app.Main  - --------------------------------------
[main] 2021-08-229 12:30:08 INFO  com.app.Main  - 
MAIN MENU
[main] 2021-08-229 12:30:08 INFO  com.app.Main  - 1)Login as Customer
[main] 2021-08-229 12:30:08 INFO  com.app.Main  - 2)Login as Employee
[main] 2021-08-229 12:30:08 INFO  com.app.Main  - 3)Register as Customer
[main] 2021-08-229 12:30:08 INFO  com.app.Main  - 4)EXIT
[main] 2021-08-229 12:30:08 INFO  com.app.Main  - Please enter your choice 1-4 only
[main] 2021-08-229 12:30:33 INFO  com.app.Main  - Register by using Id, First name, Last name, Email and Password
[main] 2021-08-229 12:30:33 INFO  com.app.Main  - Enter Customer Id
[main] 2021-08-229 12:30:37 INFO  com.app.Main  - Enter Customer First Name
[main] 2021-08-229 12:30:51 INFO  com.app.Main  - Enter Customer Last Name
[main] 2021-08-229 12:30:55 INFO  com.app.Main  - Enter Customer email
[main] 2021-08-229 12:31:08 INFO  com.app.Main  - Enter Customer password
[main] 2021-08-229 12:31:28 INFO  com.app.authentication.dao.impl.CustomerAuthenticationDAOImpl  - 1 row created successfully
[main] 2021-08-229 12:31:28 INFO  com.app.Main  - Customer [id=106, firstName=Keerthi, lastName=Venkatesh, email=keerthivenkatesh123@gmail.com, password=keerthi@123]
[main] 2021-08-229 12:31:28 INFO  com.app.Main  - SignUp Successfull
[main] 2021-08-229 12:31:28 INFO  com.app.Main  - 
MAIN MENU
[main] 2021-08-229 12:31:28 INFO  com.app.Main  - 1)Login as Customer
[main] 2021-08-229 12:31:28 INFO  com.app.Main  - 2)Login as Employee
[main] 2021-08-229 12:31:28 INFO  com.app.Main  - 3)Register as Customer
[main] 2021-08-229 12:31:28 INFO  com.app.Main  - 4)EXIT
[main] 2021-08-229 12:31:28 INFO  com.app.Main  - Please enter your choice 1-4 only
[main] 2021-08-229 12:31:28 ERROR com.app.Main  - java.lang.NumberFormatException: For input string: ""
[main] 2021-08-229 12:31:28 INFO  com.app.Main  - Register by using Id, First name, Last name, Email and Password
[main] 2021-08-229 12:31:28 INFO  com.app.Main  - Enter Customer Id
[main] 2021-08-229 12:35:11 INFO  com.app.Main  - Welcome to Hari's Online Shopping APP
[main] 2021-08-229 12:35:11 INFO  com.app.Main  - --------------------------------------
[main] 2021-08-229 12:35:11 INFO  com.app.Main  - 
MAIN MENU
[main] 2021-08-229 12:35:11 INFO  com.app.Main  - 1)Login as Customer
[main] 2021-08-229 12:35:11 INFO  com.app.Main  - 2)Login as Employee
[main] 2021-08-229 12:35:11 INFO  com.app.Main  - 3)Register as Customer
[main] 2021-08-229 12:35:11 INFO  com.app.Main  - 4)EXIT
[main] 2021-08-229 12:35:11 INFO  com.app.Main  - Please enter your choice 1-4 only
[main] 2021-08-229 12:35:21 INFO  com.app.Main  - Welcome to Hari's Online Shopping APP
[main] 2021-08-229 12:35:21 INFO  com.app.Main  - --------------------------------------
[main] 2021-08-229 12:35:21 INFO  com.app.Main  - 
MAIN MENU
[main] 2021-08-229 12:35:21 INFO  com.app.Main  - 1)Login as Customer
[main] 2021-08-229 12:35:21 INFO  com.app.Main  - 2)Login as Employee
[main] 2021-08-229 12:35:21 INFO  com.app.Main  - 3)Register as Customer
[main] 2021-08-229 12:35:21 INFO  com.app.Main  - 4)EXIT
[main] 2021-08-229 12:35:21 INFO  com.app.Main  - Please enter your choice 1-4 only
[main] 2021-08-229 12:35:23 INFO  com.app.Main  - Register by using Id, First name, Last name, Email and Password
[main] 2021-08-229 12:35:23 INFO  com.app.Main  - Enter Customer Id
[main] 2021-08-229 12:35:27 INFO  com.app.Main  - Enter Customer First Name
[main] 2021-08-229 12:35:30 INFO  com.app.Main  - Enter Customer Last Name
[main] 2021-08-229 12:35:34 INFO  com.app.Main  - Enter Customer email
[main] 2021-08-229 12:35:43 INFO  com.app.Main  - Enter Customer password
[main] 2021-08-229 12:35:51 INFO  com.app.authentication.dao.impl.CustomerAuthenticationDAOImpl  - 1 row created successfully
[main] 2021-08-229 12:35:51 INFO  com.app.Main  - Customer [id=107, firstName=Ajith, lastName=Kumar, email=ajithkumar123@gmail.com, password=ajith@123]
[main] 2021-08-229 12:35:51 INFO  com.app.Main  - SignUp Successfull
[main] 2021-08-229 12:35:51 INFO  com.app.Main  - 
MAIN MENU
[main] 2021-08-229 12:35:51 INFO  com.app.Main  - 1)Login as Customer
[main] 2021-08-229 12:35:51 INFO  com.app.Main  - 2)Login as Employee
[main] 2021-08-229 12:35:51 INFO  com.app.Main  - 3)Register as Customer
[main] 2021-08-229 12:35:51 INFO  com.app.Main  - 4)EXIT
[main] 2021-08-229 12:35:51 INFO  com.app.Main  - Please enter your choice 1-4 only
[main] 2021-08-229 12:36:00 INFO  com.app.Main  - Enter Customer id
[main] 2021-08-229 12:36:03 INFO  com.app.Main  - SignIn Successfull
[main] 2021-08-229 12:36:03 INFO  com.app.Main  - 
MAIN MENU
[main] 2021-08-229 12:36:03 INFO  com.app.Main  - 1)Login as Customer
[main] 2021-08-229 12:36:03 INFO  com.app.Main  - 2)Login as Employee
[main] 2021-08-229 12:36:03 INFO  com.app.Main  - 3)Register as Customer
[main] 2021-08-229 12:36:03 INFO  com.app.Main  - 4)EXIT
[main] 2021-08-229 12:36:03 INFO  com.app.Main  - Please enter your choice 1-4 only
[main] 2021-08-229 12:37:27 ERROR com.app.authentication.dao.impl.CustomerAuthenticationDAOImpl  - java.sql.SQLIntegrityConstraintViolationException: Column 'firstName' cannot be null
[main] 2021-08-229 12:38:33 ERROR com.app.authentication.dao.impl.CustomerAuthenticationDAOImpl  - java.sql.SQLIntegrityConstraintViolationException: Column 'firstName' cannot be null
[main] 2021-08-229 12:41:52 ERROR com.app.authentication.dao.impl.CustomerAuthenticationDAOImpl  - java.sql.SQLIntegrityConstraintViolationException: Column 'firstName' cannot be null
[main] 2021-08-229 12:42:56 ERROR com.app.authentication.dao.impl.CustomerAuthenticationDAOImpl  - java.sql.SQLIntegrityConstraintViolationException: Column 'firstName' cannot be null
[main] 2021-08-229 12:45:45 ERROR com.app.authentication.dao.impl.CustomerAuthenticationDAOImpl  - java.sql.SQLIntegrityConstraintViolationException: Column 'firstName' cannot be null
[main] 2021-08-229 12:46:59 ERROR com.app.authentication.dao.impl.CustomerAuthenticationDAOImpl  - java.sql.SQLIntegrityConstraintViolationException: Column 'firstName' cannot be null
[main] 2021-08-229 13:06:44 INFO  com.app.Main  - Welcome to Hari's Online Shopping APP
[main] 2021-08-229 13:06:44 INFO  com.app.Main  - --------------------------------------
[main] 2021-08-229 13:06:44 INFO  com.app.Main  - 
MAIN MENU
[main] 2021-08-229 13:06:44 INFO  com.app.Main  - 1)Login as Customer
[main] 2021-08-229 13:06:44 INFO  com.app.Main  - 2)Login as Employee
[main] 2021-08-229 13:06:44 INFO  com.app.Main  - 3)Register as Customer
[main] 2021-08-229 13:06:44 INFO  com.app.Main  - 4)EXIT
[main] 2021-08-229 13:06:44 INFO  com.app.Main  - Please enter your choice 1-4 only
[main] 2021-08-229 13:06:47 INFO  com.app.Main  - Register by using First name, Last name, Email and Password
[main] 2021-08-229 13:06:47 INFO  com.app.Main  - Your Customer Id : 
[main] 2021-08-229 13:06:47 INFO  com.app.Main  - Enter Customer First Name
[main] 2021-08-229 13:32:17 INFO  com.app.Main  - Welcome to Hari's Online Shopping APP
[main] 2021-08-229 13:32:17 INFO  com.app.Main  - --------------------------------------
[main] 2021-08-229 13:32:17 INFO  com.app.Main  - 
MAIN MENU
[main] 2021-08-229 13:32:17 INFO  com.app.Main  - 1)Login as Customer
[main] 2021-08-229 13:32:17 INFO  com.app.Main  - 2)Login as Employee
[main] 2021-08-229 13:32:17 INFO  com.app.Main  - 3)Register as Customer
[main] 2021-08-229 13:32:17 INFO  com.app.Main  - 4)EXIT
[main] 2021-08-229 13:32:17 INFO  com.app.Main  - Please enter your choice 1-4 only
[main] 2021-08-229 13:32:22 INFO  com.app.Main  - Register by using First name, Last name, Email and Password
[main] 2021-08-229 13:32:23 INFO  com.app.Main  - SignUp Unsuccessfull... Please Register again.........
[main] 2021-08-229 13:32:23 INFO  com.app.Main  - 
MAIN MENU
[main] 2021-08-229 13:32:23 INFO  com.app.Main  - 1)Login as Customer
[main] 2021-08-229 13:32:23 INFO  com.app.Main  - 2)Login as Employee
[main] 2021-08-229 13:32:23 INFO  com.app.Main  - 3)Register as Customer
[main] 2021-08-229 13:32:23 INFO  com.app.Main  - 4)EXIT
[main] 2021-08-229 13:32:23 INFO  com.app.Main  - Please enter your choice 1-4 only
[main] 2021-08-229 13:33:43 INFO  com.app.Main  - Welcome to Hari's Online Shopping APP
[main] 2021-08-229 13:33:43 INFO  com.app.Main  - --------------------------------------
[main] 2021-08-229 13:33:43 INFO  com.app.Main  - 
MAIN MENU
[main] 2021-08-229 13:33:43 INFO  com.app.Main  - 1)Login as Customer
[main] 2021-08-229 13:33:43 INFO  com.app.Main  - 2)Login as Employee
[main] 2021-08-229 13:33:43 INFO  com.app.Main  - 3)Register as Customer
[main] 2021-08-229 13:33:43 INFO  com.app.Main  - 4)EXIT
[main] 2021-08-229 13:33:43 INFO  com.app.Main  - Please enter your choice 1-4 only
[main] 2021-08-229 13:33:46 INFO  com.app.Main  - Register by using First name, Last name, Email and Password
[main] 2021-08-229 13:33:48 INFO  com.app.Main  - Enter Customer First Name
[main] 2021-08-229 13:34:03 INFO  com.app.Main  - Enter Customer Last Name
[main] 2021-08-229 13:34:09 INFO  com.app.Main  - Enter Customer email
[main] 2021-08-229 13:34:26 INFO  com.app.Main  - Enter Customer password
[main] 2021-08-229 13:34:33 INFO  com.app.Main  - Customer [id=0, firstName=Sudharsan, lastName=Maarimuthu, email=sudharsanmaarimuthu123@gmail.com, password=sudharsan@123]
[main] 2021-08-229 13:34:33 INFO  com.app.Main  - SignUp Successfull
[main] 2021-08-229 13:34:33 INFO  com.app.Main  - 
MAIN MENU
[main] 2021-08-229 13:34:33 INFO  com.app.Main  - 1)Login as Customer
[main] 2021-08-229 13:34:33 INFO  com.app.Main  - 2)Login as Employee
[main] 2021-08-229 13:34:33 INFO  com.app.Main  - 3)Register as Customer
[main] 2021-08-229 13:34:33 INFO  com.app.Main  - 4)EXIT
[main] 2021-08-229 13:34:33 INFO  com.app.Main  - Please enter your choice 1-4 only
[main] 2021-08-229 13:37:15 INFO  com.app.Main  - Welcome to Hari's Online Shopping APP
[main] 2021-08-229 13:37:15 INFO  com.app.Main  - --------------------------------------
[main] 2021-08-229 13:37:15 INFO  com.app.Main  - 
MAIN MENU
[main] 2021-08-229 13:37:15 INFO  com.app.Main  - 1)Login as Customer
[main] 2021-08-229 13:37:15 INFO  com.app.Main  - 2)Login as Employee
[main] 2021-08-229 13:37:15 INFO  com.app.Main  - 3)Register as Customer
[main] 2021-08-229 13:37:15 INFO  com.app.Main  - 4)EXIT
[main] 2021-08-229 13:37:15 INFO  com.app.Main  - Please enter your choice 1-4 only
[main] 2021-08-229 13:37:17 INFO  com.app.Main  - Register by using First name, Last name, Email and Password
[main] 2021-08-229 13:37:19 INFO  com.app.Main  - 0
[main] 2021-08-229 13:37:19 INFO  com.app.Main  - Enter Customer First Name
[main] 2021-08-229 13:43:37 INFO  com.app.Main  - Welcome to Hari's Online Shopping APP
[main] 2021-08-229 13:43:37 INFO  com.app.Main  - --------------------------------------
[main] 2021-08-229 13:43:37 INFO  com.app.Main  - 
MAIN MENU
[main] 2021-08-229 13:43:37 INFO  com.app.Main  - 1)Login as Customer
[main] 2021-08-229 13:43:37 INFO  com.app.Main  - 2)Login as Employee
[main] 2021-08-229 13:43:37 INFO  com.app.Main  - 3)Register as Customer
[main] 2021-08-229 13:43:37 INFO  com.app.Main  - 4)EXIT
[main] 2021-08-229 13:43:37 INFO  com.app.Main  - Please enter your choice 1-4 only
[main] 2021-08-229 13:44:17 INFO  com.app.Main  - Register by using First name, Last name, Email and Password
[main] 2021-08-229 13:44:17 INFO  com.app.Main  - Enter Customer First Name
[main] 2021-08-229 13:44:34 INFO  com.app.Main  - Enter Customer Last Name
[main] 2021-08-229 13:44:37 INFO  com.app.Main  - Enter Customer email
[main] 2021-08-229 13:44:48 INFO  com.app.Main  - Enter Customer password
[main] 2021-08-229 13:45:03 INFO  com.app.Main  - 
MAIN MENU
[main] 2021-08-229 13:45:03 INFO  com.app.Main  - 1)Login as Customer
[main] 2021-08-229 13:45:03 INFO  com.app.Main  - 2)Login as Employee
[main] 2021-08-229 13:45:03 INFO  com.app.Main  - 3)Register as Customer
[main] 2021-08-229 13:45:03 INFO  com.app.Main  - 4)EXIT
[main] 2021-08-229 13:45:03 INFO  com.app.Main  - Please enter your choice 1-4 only
[main] 2021-08-229 14:02:05 INFO  com.app.Main  - Welcome to Hari's Online Shopping APP
[main] 2021-08-229 14:02:05 INFO  com.app.Main  - --------------------------------------
[main] 2021-08-229 14:02:05 INFO  com.app.Main  - 
MAIN MENU
[main] 2021-08-229 14:02:05 INFO  com.app.Main  - 1)Login as Customer
[main] 2021-08-229 14:02:05 INFO  com.app.Main  - 2)Login as Employee
[main] 2021-08-229 14:02:05 INFO  com.app.Main  - 3)Register as Customer
[main] 2021-08-229 14:02:05 INFO  com.app.Main  - 4)EXIT
[main] 2021-08-229 14:02:05 INFO  com.app.Main  - Please enter your choice 1-4 only
[main] 2021-08-229 14:02:07 INFO  com.app.Main  - Register by using First name, Last name, Email and Password
[main] 2021-08-229 14:02:07 INFO  com.app.Main  - Enter Customer Id
[main] 2021-08-229 14:02:11 INFO  com.app.Main  - Enter Customer First Name
[main] 2021-08-229 14:02:21 INFO  com.app.Main  - Enter Customer Last Name
[main] 2021-08-229 14:02:25 INFO  com.app.Main  - Enter Customer email
[main] 2021-08-229 14:02:35 INFO  com.app.Main  - Enter Customer password
[main] 2021-08-229 14:02:44 INFO  com.app.authentication.dao.impl.CustomerAuthenticationDAOImpl  - 1 row created successfully
[main] 2021-08-229 14:09:14 INFO  com.app.Main  - Welcome to Hari's Online Shopping APP
[main] 2021-08-229 14:09:14 INFO  com.app.Main  - --------------------------------------
[main] 2021-08-229 14:09:14 INFO  com.app.Main  - 
MAIN MENU
[main] 2021-08-229 14:09:14 INFO  com.app.Main  - 1)Login as Customer
[main] 2021-08-229 14:09:14 INFO  com.app.Main  - 2)Login as Employee
[main] 2021-08-229 14:09:14 INFO  com.app.Main  - 3)Register as Customer
[main] 2021-08-229 14:09:14 INFO  com.app.Main  - 4)EXIT
[main] 2021-08-229 14:09:14 INFO  com.app.Main  - Please enter your choice 1-4 only
[main] 2021-08-229 14:09:18 INFO  com.app.Main  - Enter Customer id
[main] 2021-08-229 14:09:21 INFO  com.app.Main  - SignIn Successfull
[main] 2021-08-229 14:09:21 INFO  com.app.Main  - 
MAIN MENU
[main] 2021-08-229 14:09:21 INFO  com.app.Main  - 1)Login as Customer
[main] 2021-08-229 14:09:21 INFO  com.app.Main  - 2)Login as Employee
[main] 2021-08-229 14:09:21 INFO  com.app.Main  - 3)Register as Customer
[main] 2021-08-229 14:09:21 INFO  com.app.Main  - 4)EXIT
[main] 2021-08-229 14:09:21 INFO  com.app.Main  - Please enter your choice 1-4 only
[main] 2021-08-229 14:09:33 INFO  com.app.Main  - Enter Customer id
[main] 2021-08-229 14:09:35 WARN  com.app.Main  - SignIn Unsuccessfull, Kindly Register first....
[main] 2021-08-229 14:09:35 INFO  com.app.Main  - 
MAIN MENU
[main] 2021-08-229 14:09:35 INFO  com.app.Main  - 1)Login as Customer
[main] 2021-08-229 14:09:35 INFO  com.app.Main  - 2)Login as Employee
[main] 2021-08-229 14:09:35 INFO  com.app.Main  - 3)Register as Customer
[main] 2021-08-229 14:09:35 INFO  com.app.Main  - 4)EXIT
[main] 2021-08-229 14:09:35 INFO  com.app.Main  - Please enter your choice 1-4 only
[main] 2021-08-229 14:09:41 INFO  com.app.Main  - Register by using First name, Last name, Email and Password
[main] 2021-08-229 14:09:41 INFO  com.app.Main  - Enter Customer Id
[main] 2021-08-229 14:09:47 INFO  com.app.Main  - Enter Customer First Name
[main] 2021-08-229 14:09:52 INFO  com.app.Main  - Enter Customer Last Name
[main] 2021-08-229 14:09:55 INFO  com.app.Main  - Enter Customer email
[main] 2021-08-229 14:10:08 INFO  com.app.Main  - Enter Customer password
[main] 2021-08-229 14:10:13 INFO  com.app.authentication.dao.impl.CustomerAuthenticationDAOImpl  - 1 row created successfully
[main] 2021-08-229 14:13:25 INFO  com.app.Main  - Welcome to Hari's Online Shopping APP
[main] 2021-08-229 14:13:25 INFO  com.app.Main  - --------------------------------------
[main] 2021-08-229 14:13:25 INFO  com.app.Main  - 
MAIN MENU
[main] 2021-08-229 14:13:25 INFO  com.app.Main  - 1)Login as Customer
[main] 2021-08-229 14:13:25 INFO  com.app.Main  - 2)Login as Employee
[main] 2021-08-229 14:13:25 INFO  com.app.Main  - 3)Register as Customer
[main] 2021-08-229 14:13:25 INFO  com.app.Main  - 4)EXIT
[main] 2021-08-229 14:13:25 INFO  com.app.Main  - Please enter your choice 1-4 only
[main] 2021-08-229 14:13:32 INFO  com.app.Main  - Register by using First name, Last name, Email and Password
[main] 2021-08-229 14:13:32 INFO  com.app.Main  - Enter Customer Id
[main] 2021-08-229 14:13:35 INFO  com.app.Main  - Enter Customer First Name
[main] 2021-08-229 14:13:41 INFO  com.app.Main  - Enter Customer Last Name
[main] 2021-08-229 14:13:43 INFO  com.app.Main  - Enter Customer email
[main] 2021-08-229 14:13:53 INFO  com.app.Main  - Enter Customer password
[main] 2021-08-229 14:13:59 INFO  com.app.authentication.dao.impl.CustomerAuthenticationDAOImpl  - 1 row created successfully
[main] 2021-08-229 14:13:59 INFO  com.app.Main  - Customer [id=110, firstName=Suresh, lastName=Raina, email=sureshraina123@gmail.com, password=suresh@123]
[main] 2021-08-229 14:13:59 INFO  com.app.Main  - SignUp Successfull
[main] 2021-08-229 14:13:59 INFO  com.app.Main  - 
MAIN MENU
[main] 2021-08-229 14:13:59 INFO  com.app.Main  - 1)Login as Customer
[main] 2021-08-229 14:13:59 INFO  com.app.Main  - 2)Login as Employee
[main] 2021-08-229 14:13:59 INFO  com.app.Main  - 3)Register as Customer
[main] 2021-08-229 14:13:59 INFO  com.app.Main  - 4)EXIT
[main] 2021-08-229 14:13:59 INFO  com.app.Main  - Please enter your choice 1-4 only
[main] 2021-08-229 15:00:25 INFO  com.app.Main  - Welcome to Hari's Online Shopping APP
[main] 2021-08-229 15:00:25 INFO  com.app.Main  - --------------------------------------
[main] 2021-08-229 15:00:25 INFO  com.app.Main  - 
MAIN MENU
[main] 2021-08-229 15:00:25 INFO  com.app.Main  - 1)Login as Customer
[main] 2021-08-229 15:00:25 INFO  com.app.Main  - 2)Login as Employee
[main] 2021-08-229 15:00:25 INFO  com.app.Main  - 3)Register as Customer
[main] 2021-08-229 15:00:25 INFO  com.app.Main  - 4)EXIT
[main] 2021-08-229 15:00:25 INFO  com.app.Main  - Please enter your choice 1-4 only
[main] 2021-08-229 15:00:29 INFO  com.app.Main  - Enter Username
[main] 2021-08-229 15:11:41 INFO  com.app.Main  - Welcome to Hari's Online Shopping APP
[main] 2021-08-229 15:11:41 INFO  com.app.Main  - --------------------------------------
[main] 2021-08-229 15:11:41 INFO  com.app.Main  - 
MAIN MENU
[main] 2021-08-229 15:11:41 INFO  com.app.Main  - 1)Login as Customer
[main] 2021-08-229 15:11:41 INFO  com.app.Main  - 2)Login as Employee
[main] 2021-08-229 15:11:41 INFO  com.app.Main  - 3)Register as Customer
[main] 2021-08-229 15:11:41 INFO  com.app.Main  - 4)EXIT
[main] 2021-08-229 15:11:41 INFO  com.app.Main  - Please enter your choice 1-4 only
[main] 2021-08-229 15:11:45 INFO  com.app.Main  - Enter Username
[main] 2021-08-229 15:11:50 INFO  com.app.Main  - Enter password
[main] 2021-08-229 15:25:26 INFO  com.app.Main  - Welcome to Hari's Online Shopping APP
[main] 2021-08-229 15:25:26 INFO  com.app.Main  - --------------------------------------
[main] 2021-08-229 15:25:26 INFO  com.app.Main  - 
MAIN MENU
[main] 2021-08-229 15:25:26 INFO  com.app.Main  - 1)Login as Customer
[main] 2021-08-229 15:25:26 INFO  com.app.Main  - 2)Login as Employee
[main] 2021-08-229 15:25:26 INFO  com.app.Main  - 3)Register as Customer
[main] 2021-08-229 15:25:26 INFO  com.app.Main  - 4)EXIT
[main] 2021-08-229 15:25:26 INFO  com.app.Main  - Please enter your choice 1-4 only
[main] 2021-08-229 15:25:32 INFO  com.app.Main  - Enter Username
[main] 2021-08-229 15:25:40 INFO  com.app.Main  - Enter password
[main] 2021-08-229 15:28:07 INFO  com.app.Main  - Welcome to Hari's Online Shopping APP
[main] 2021-08-229 15:28:07 INFO  com.app.Main  - --------------------------------------
[main] 2021-08-229 15:28:07 INFO  com.app.Main  - 
MAIN MENU
[main] 2021-08-229 15:28:07 INFO  com.app.Main  - 1)Login as Customer
[main] 2021-08-229 15:28:07 INFO  com.app.Main  - 2)Login as Employee
[main] 2021-08-229 15:28:07 INFO  com.app.Main  - 3)Register as Customer
[main] 2021-08-229 15:28:07 INFO  com.app.Main  - 4)EXIT
[main] 2021-08-229 15:28:07 INFO  com.app.Main  - Please enter your choice 1-4 only
[main] 2021-08-229 15:28:10 INFO  com.app.Main  - Enter Username
[main] 2021-08-229 15:28:20 INFO  com.app.Main  - Enter password
[main] 2021-08-229 15:34:04 INFO  com.app.Main  - Welcome to Hari's Online Shopping APP
[main] 2021-08-229 15:34:04 INFO  com.app.Main  - --------------------------------------
[main] 2021-08-229 15:34:04 INFO  com.app.Main  - 
MAIN MENU
[main] 2021-08-229 15:34:04 INFO  com.app.Main  - 1)Login as Customer
[main] 2021-08-229 15:34:04 INFO  com.app.Main  - 2)Login as Employee
[main] 2021-08-229 15:34:04 INFO  com.app.Main  - 3)Register as Customer
[main] 2021-08-229 15:34:04 INFO  com.app.Main  - 4)EXIT
[main] 2021-08-229 15:34:04 INFO  com.app.Main  - Please enter your choice 1-4 only
[main] 2021-08-229 15:34:07 INFO  com.app.Main  - Register by using First name, Last name, Email and Password
[main] 2021-08-229 15:34:07 INFO  com.app.Main  - Enter Customer Id
[main] 2021-08-229 15:34:30 INFO  com.app.Main  - Enter Customer First Name
[main] 2021-08-229 15:34:47 INFO  com.app.Main  - Enter Customer Last Name
[main] 2021-08-229 15:34:51 INFO  com.app.Main  - Enter Customer email
[main] 2021-08-229 15:35:01 INFO  com.app.Main  - Enter Customer password
[main] 2021-08-229 15:35:09 INFO  com.app.authentication.dao.impl.CustomerAuthenticationDAOImpl  - 1 row created successfully
[main] 2021-08-229 15:35:09 INFO  com.app.Main  - Customer [id=111, firstName=Chandra, lastName=Sekar, email=chandrasekar123@gmail.com, password=chandra@123]
[main] 2021-08-229 15:35:09 INFO  com.app.Main  - SignUp Successfull.. now you can SignIn...
[main] 2021-08-229 15:35:09 INFO  com.app.Main  - 
MAIN MENU
[main] 2021-08-229 15:35:09 INFO  com.app.Main  - 1)Login as Customer
[main] 2021-08-229 15:35:09 INFO  com.app.Main  - 2)Login as Employee
[main] 2021-08-229 15:35:09 INFO  com.app.Main  - 3)Register as Customer
[main] 2021-08-229 15:35:09 INFO  com.app.Main  - 4)EXIT
[main] 2021-08-229 15:35:09 INFO  com.app.Main  - Please enter your choice 1-4 only
[main] 2021-08-229 15:35:23 INFO  com.app.Main  - Enter Username
[main] 2021-08-229 15:35:39 INFO  com.app.Main  - Enter password
[main] 2021-08-229 15:48:05 INFO  com.app.Main  - Welcome to Hari's Online Shopping APP
[main] 2021-08-229 15:48:05 INFO  com.app.Main  - --------------------------------------
[main] 2021-08-229 15:48:05 INFO  com.app.Main  - 
MAIN MENU
[main] 2021-08-229 15:48:05 INFO  com.app.Main  - 1)Login as Customer
[main] 2021-08-229 15:48:05 INFO  com.app.Main  - 2)Login as Employee
[main] 2021-08-229 15:48:05 INFO  com.app.Main  - 3)Register as Customer
[main] 2021-08-229 15:48:05 INFO  com.app.Main  - 4)EXIT
[main] 2021-08-229 15:48:05 INFO  com.app.Main  - Please enter your choice 1-4 only
[main] 2021-08-229 15:48:08 INFO  com.app.Main  - Enter Username
[main] 2021-08-229 15:48:19 INFO  com.app.Main  - Enter password
[main] 2021-08-229 15:50:49 INFO  com.app.Main  - Welcome to Hari's Online Shopping APP
[main] 2021-08-229 15:50:49 INFO  com.app.Main  - --------------------------------------
[main] 2021-08-229 15:50:49 INFO  com.app.Main  - 
MAIN MENU
[main] 2021-08-229 15:50:49 INFO  com.app.Main  - 1)Login as Customer
[main] 2021-08-229 15:50:49 INFO  com.app.Main  - 2)Login as Employee
[main] 2021-08-229 15:50:49 INFO  com.app.Main  - 3)Register as Customer
[main] 2021-08-229 15:50:49 INFO  com.app.Main  - 4)EXIT
[main] 2021-08-229 15:50:49 INFO  com.app.Main  - Please enter your choice 1-4 only
[main] 2021-08-229 15:50:53 INFO  com.app.Main  - Enter Customer Id
[main] 2021-08-229 15:50:56 INFO  com.app.Main  - SignIn Successfull
[main] 2021-08-229 15:50:56 INFO  com.app.Main  - 
MAIN MENU
[main] 2021-08-229 15:50:56 INFO  com.app.Main  - 1)Login as Customer
[main] 2021-08-229 15:50:56 INFO  com.app.Main  - 2)Login as Employee
[main] 2021-08-229 15:50:56 INFO  com.app.Main  - 3)Register as Customer
[main] 2021-08-229 15:50:56 INFO  com.app.Main  - 4)EXIT
[main] 2021-08-229 15:50:56 INFO  com.app.Main  - Please enter your choice 1-4 only
[main] 2021-08-229 16:01:00 INFO  com.app.Main  - Welcome to Hari's Online Shopping APP
[main] 2021-08-229 16:01:00 INFO  com.app.Main  - --------------------------------------
[main] 2021-08-229 16:01:00 INFO  com.app.Main  - 
MAIN MENU
[main] 2021-08-229 16:01:00 INFO  com.app.Main  - 1)Login as Customer
[main] 2021-08-229 16:01:00 INFO  com.app.Main  - 2)Login as Employee
[main] 2021-08-229 16:01:00 INFO  com.app.Main  - 3)Register as Customer
[main] 2021-08-229 16:01:00 INFO  com.app.Main  - 4)EXIT
[main] 2021-08-229 16:01:00 INFO  com.app.Main  - Please enter your choice 1-4 only
[main] 2021-08-229 16:01:04 INFO  com.app.Main  - Enter Username
[main] 2021-08-229 16:01:11 INFO  com.app.Main  - Enter password
[main] 2021-08-229 16:01:15 WARN  com.app.Main  - com.app.exception.BusinessException: Invalid Customer credentials... Kindly Register first.. 
[main] 2021-08-229 16:01:15 INFO  com.app.Main  - 
MAIN MENU
[main] 2021-08-229 16:01:15 INFO  com.app.Main  - 1)Login as Customer
[main] 2021-08-229 16:01:15 INFO  com.app.Main  - 2)Login as Employee
[main] 2021-08-229 16:01:15 INFO  com.app.Main  - 3)Register as Customer
[main] 2021-08-229 16:01:15 INFO  com.app.Main  - 4)EXIT
[main] 2021-08-229 16:01:15 INFO  com.app.Main  - Please enter your choice 1-4 only
[main] 2021-08-229 17:07:37 INFO  com.app.Main  - Welcome to Hari's Online Shopping APP
[main] 2021-08-229 17:07:37 INFO  com.app.Main  - --------------------------------------
[main] 2021-08-229 17:07:37 INFO  com.app.Main  - 
MAIN MENU
[main] 2021-08-229 17:07:37 INFO  com.app.Main  - 1)Login as Customer
[main] 2021-08-229 17:07:37 INFO  com.app.Main  - 2)Login as Employee
[main] 2021-08-229 17:07:37 INFO  com.app.Main  - 3)Register as Customer
[main] 2021-08-229 17:07:37 INFO  com.app.Main  - 4)EXIT
[main] 2021-08-229 17:07:37 INFO  com.app.Main  - Please enter your choice 1-4 only
[main] 2021-08-229 17:07:43 INFO  com.app.Main  - Enter Username
[main] 2021-08-229 17:07:53 INFO  com.app.Main  - Enter password
[main] 2021-08-229 17:07:58 WARN  com.app.Main  - Invalid Customer credentials... Kindly Register first.. 
[main] 2021-08-229 17:07:58 INFO  com.app.Main  - 
MAIN MENU
[main] 2021-08-229 17:07:58 INFO  com.app.Main  - 1)Login as Customer
[main] 2021-08-229 17:07:58 INFO  com.app.Main  - 2)Login as Employee
[main] 2021-08-229 17:07:58 INFO  com.app.Main  - 3)Register as Customer
[main] 2021-08-229 17:07:58 INFO  com.app.Main  - 4)EXIT
[main] 2021-08-229 17:07:58 INFO  com.app.Main  - Please enter your choice 1-4 only
[main] 2021-08-229 17:10:20 INFO  com.app.Main  - Welcome to Hari's Online Shopping APP
[main] 2021-08-229 17:10:20 INFO  com.app.Main  - --------------------------------------
[main] 2021-08-229 17:10:20 INFO  com.app.Main  - 
MAIN MENU
[main] 2021-08-229 17:10:20 INFO  com.app.Main  - 1)Login as Customer
[main] 2021-08-229 17:10:20 INFO  com.app.Main  - 2)Login as Employee
[main] 2021-08-229 17:10:20 INFO  com.app.Main  - 3)Register as Customer
[main] 2021-08-229 17:10:20 INFO  com.app.Main  - 4)EXIT
[main] 2021-08-229 17:10:20 INFO  com.app.Main  - Please enter your choice 1-4 only
[main] 2021-08-229 17:10:24 INFO  com.app.Main  - Enter Username
[main] 2021-08-229 17:10:32 INFO  com.app.Main  - Enter password
[main] 2021-08-229 17:10:38 INFO  com.app.Main  - SignIn Successfull
[main] 2021-08-229 17:10:38 INFO  com.app.Main  - 
MAIN MENU
[main] 2021-08-229 17:10:38 INFO  com.app.Main  - 1)Login as Customer
[main] 2021-08-229 17:10:38 INFO  com.app.Main  - 2)Login as Employee
[main] 2021-08-229 17:10:38 INFO  com.app.Main  - 3)Register as Customer
[main] 2021-08-229 17:10:38 INFO  com.app.Main  - 4)EXIT
[main] 2021-08-229 17:10:38 INFO  com.app.Main  - Please enter your choice 1-4 only
[main] 2021-08-229 17:10:58 INFO  com.app.Main  - Enter Username
[main] 2021-08-229 17:11:01 INFO  com.app.Main  - Enter password
[main] 2021-08-229 17:11:02 INFO  com.app.Main  - SignIn Unsuccessfull... Kindly Register first......
[main] 2021-08-229 17:11:02 INFO  com.app.Main  - 
MAIN MENU
[main] 2021-08-229 17:11:02 INFO  com.app.Main  - 1)Login as Customer
[main] 2021-08-229 17:11:02 INFO  com.app.Main  - 2)Login as Employee
[main] 2021-08-229 17:11:02 INFO  com.app.Main  - 3)Register as Customer
[main] 2021-08-229 17:11:02 INFO  com.app.Main  - 4)EXIT
[main] 2021-08-229 17:11:02 INFO  com.app.Main  - Please enter your choice 1-4 only
[main] 2021-08-229 17:13:15 INFO  com.app.Main  - Welcome to Hari's Online Shopping APP
[main] 2021-08-229 17:13:15 INFO  com.app.Main  - --------------------------------------
[main] 2021-08-229 17:13:15 INFO  com.app.Main  - 
MAIN MENU
[main] 2021-08-229 17:13:15 INFO  com.app.Main  - 1)Login as Customer
[main] 2021-08-229 17:13:15 INFO  com.app.Main  - 2)Login as Employee
[main] 2021-08-229 17:13:15 INFO  com.app.Main  - 3)Register as Customer
[main] 2021-08-229 17:13:15 INFO  com.app.Main  - 4)EXIT
[main] 2021-08-229 17:13:15 INFO  com.app.Main  - Please enter your choice 1-4 only
[main] 2021-08-229 17:13:23 INFO  com.app.Main  - Enter Username
[main] 2021-08-229 17:13:26 INFO  com.app.Main  - Enter password
[main] 2021-08-229 17:13:29 INFO  com.app.Main  - SignIn Unsuccessfull... Kindly Register first......
[main] 2021-08-229 17:13:29 INFO  com.app.Main  - 
MAIN MENU
[main] 2021-08-229 17:13:29 INFO  com.app.Main  - 1)Login as Customer
[main] 2021-08-229 17:13:29 INFO  com.app.Main  - 2)Login as Employee
[main] 2021-08-229 17:13:29 INFO  com.app.Main  - 3)Register as Customer
[main] 2021-08-229 17:13:29 INFO  com.app.Main  - 4)EXIT
[main] 2021-08-229 17:13:29 INFO  com.app.Main  - Please enter your choice 1-4 only
[main] 2021-08-229 17:13:33 INFO  com.app.Main  - Register by using First name, Last name, Email and Password
[main] 2021-08-229 17:13:33 INFO  com.app.Main  - Enter Customer Id
[main] 2021-08-229 17:13:40 INFO  com.app.Main  - Enter Customer First Name
[main] 2021-08-229 17:13:50 INFO  com.app.Main  - Enter Customer Last Name
[main] 2021-08-229 17:13:53 INFO  com.app.Main  - Enter Customer email
[main] 2021-08-229 17:14:03 INFO  com.app.Main  - Enter Customer password
[main] 2021-08-229 17:27:17 INFO  com.app.Main  - Welcome to Hari's Online Shopping APP
[main] 2021-08-229 17:27:17 INFO  com.app.Main  - --------------------------------------
[main] 2021-08-229 17:27:17 INFO  com.app.Main  - 
MAIN MENU
[main] 2021-08-229 17:27:17 INFO  com.app.Main  - 1)Login as Customer
[main] 2021-08-229 17:27:17 INFO  com.app.Main  - 2)Login as Employee
[main] 2021-08-229 17:27:17 INFO  com.app.Main  - 3)Register as Customer
[main] 2021-08-229 17:27:17 INFO  com.app.Main  - 4)EXIT
[main] 2021-08-229 17:27:17 INFO  com.app.Main  - Please enter your choice 1-4 only
[main] 2021-08-229 17:27:25 INFO  com.app.Main  - Enter Username
[main] 2021-08-229 17:27:32 INFO  com.app.Main  - Enter password
[main] 2021-08-229 17:27:36 INFO  com.app.Main  - SignIn Unsuccessfull... Kindly Register first......
[main] 2021-08-229 17:27:36 INFO  com.app.Main  - 
MAIN MENU
[main] 2021-08-229 17:27:36 INFO  com.app.Main  - 1)Login as Customer
[main] 2021-08-229 17:27:36 INFO  com.app.Main  - 2)Login as Employee
[main] 2021-08-229 17:27:36 INFO  com.app.Main  - 3)Register as Customer
[main] 2021-08-229 17:27:36 INFO  com.app.Main  - 4)EXIT
[main] 2021-08-229 17:27:36 INFO  com.app.Main  - Please enter your choice 1-4 only
[main] 2021-08-229 17:27:40 INFO  com.app.Main  - Register by using First name, Last name, Email and Password
[main] 2021-08-229 17:27:40 INFO  com.app.Main  - Enter Customer Id
[main] 2021-08-229 17:27:45 INFO  com.app.Main  - Enter Customer First Name
[main] 2021-08-229 17:27:51 INFO  com.app.Main  - Enter Customer Last Name
[main] 2021-08-229 17:27:53 INFO  com.app.Main  - Enter Customer email
[main] 2021-08-229 17:28:03 INFO  com.app.Main  - Enter Customer password
[main] 2021-08-229 17:30:10 INFO  com.app.Main  - Welcome to Hari's Online Shopping APP
[main] 2021-08-229 17:30:10 INFO  com.app.Main  - --------------------------------------
[main] 2021-08-229 17:30:10 INFO  com.app.Main  - 
MAIN MENU
[main] 2021-08-229 17:30:10 INFO  com.app.Main  - 1)Login as Customer
[main] 2021-08-229 17:30:10 INFO  com.app.Main  - 2)Login as Employee
[main] 2021-08-229 17:30:10 INFO  com.app.Main  - 3)Register as Customer
[main] 2021-08-229 17:30:10 INFO  com.app.Main  - 4)EXIT
[main] 2021-08-229 17:30:10 INFO  com.app.Main  - Please enter your choice 1-4 only
[main] 2021-08-229 17:30:19 INFO  com.app.Main  - Enter Username
[main] 2021-08-229 17:30:33 INFO  com.app.Main  - Enter password
[main] 2021-08-229 17:30:38 INFO  com.app.Main  - SignIn Successfull
[main] 2021-08-229 17:30:38 INFO  com.app.Main  - 
MAIN MENU
[main] 2021-08-229 17:30:38 INFO  com.app.Main  - 1)Login as Customer
[main] 2021-08-229 17:30:38 INFO  com.app.Main  - 2)Login as Employee
[main] 2021-08-229 17:30:38 INFO  com.app.Main  - 3)Register as Customer
[main] 2021-08-229 17:30:38 INFO  com.app.Main  - 4)EXIT
[main] 2021-08-229 17:30:38 INFO  com.app.Main  - Please enter your choice 1-4 only
[main] 2021-08-229 17:30:42 INFO  com.app.Main  - Register by using First name, Last name, Email and Password
[main] 2021-08-229 17:30:42 INFO  com.app.Main  - Enter Customer Id
[main] 2021-08-229 17:30:47 INFO  com.app.Main  - Enter Customer First Name
[main] 2021-08-229 17:31:12 INFO  com.app.Main  - Enter Customer Last Name
[main] 2021-08-229 17:31:14 INFO  com.app.Main  - Enter Customer email
[main] 2021-08-229 17:31:29 INFO  com.app.Main  - Enter Customer password
[main] 2021-08-229 17:35:10 INFO  com.app.Main  - Welcome to Hari's Online Shopping APP
[main] 2021-08-229 17:35:10 INFO  com.app.Main  - --------------------------------------
[main] 2021-08-229 17:35:10 INFO  com.app.Main  - 
MAIN MENU
[main] 2021-08-229 17:35:10 INFO  com.app.Main  - 1)Login as Customer
[main] 2021-08-229 17:35:10 INFO  com.app.Main  - 2)Login as Employee
[main] 2021-08-229 17:35:10 INFO  com.app.Main  - 3)Register as Customer
[main] 2021-08-229 17:35:10 INFO  com.app.Main  - 4)EXIT
[main] 2021-08-229 17:35:10 INFO  com.app.Main  - Please enter your choice 1-4 only
[main] 2021-08-229 17:35:15 INFO  com.app.Main  - Register by using First name, Last name, Email and Password
[main] 2021-08-229 17:35:15 INFO  com.app.Main  - Enter Customer Id
[main] 2021-08-229 17:35:18 INFO  com.app.Main  - Enter Customer First Name
[main] 2021-08-229 17:35:24 INFO  com.app.Main  - Enter Customer Last Name
[main] 2021-08-229 17:35:26 INFO  com.app.Main  - Enter Customer email
[main] 2021-08-229 17:35:32 INFO  com.app.Main  - Enter Customer password
[main] 2021-08-229 17:37:28 INFO  com.app.Main  - Welcome to Hari's Online Shopping APP
[main] 2021-08-229 17:37:28 INFO  com.app.Main  - --------------------------------------
[main] 2021-08-229 17:37:28 INFO  com.app.Main  - 
MAIN MENU
[main] 2021-08-229 17:37:28 INFO  com.app.Main  - 1)Login as Customer
[main] 2021-08-229 17:37:28 INFO  com.app.Main  - 2)Login as Employee
[main] 2021-08-229 17:37:28 INFO  com.app.Main  - 3)Register as Customer
[main] 2021-08-229 17:37:28 INFO  com.app.Main  - 4)EXIT
[main] 2021-08-229 17:37:28 INFO  com.app.Main  - Please enter your choice 1-4 only
[main] 2021-08-229 17:38:03 INFO  com.app.Main  - Welcome to Hari's Online Shopping APP
[main] 2021-08-229 17:38:03 INFO  com.app.Main  - --------------------------------------
[main] 2021-08-229 17:38:03 INFO  com.app.Main  - 
MAIN MENU
[main] 2021-08-229 17:38:03 INFO  com.app.Main  - 1)Login as Customer
[main] 2021-08-229 17:38:03 INFO  com.app.Main  - 2)Login as Employee
[main] 2021-08-229 17:38:03 INFO  com.app.Main  - 3)Register as Customer
[main] 2021-08-229 17:38:03 INFO  com.app.Main  - 4)EXIT
[main] 2021-08-229 17:38:03 INFO  com.app.Main  - Please enter your choice 1-4 only
[main] 2021-08-229 18:10:49 INFO  com.app.Main  - Welcome to Hari's Online Shopping APP
[main] 2021-08-229 18:10:49 INFO  com.app.Main  - --------------------------------------
[main] 2021-08-229 18:10:49 INFO  com.app.Main  - 
MAIN MENU
[main] 2021-08-229 18:10:49 INFO  com.app.Main  - 1)Login as Customer
[main] 2021-08-229 18:10:49 INFO  com.app.Main  - 2)Login as Employee
[main] 2021-08-229 18:10:49 INFO  com.app.Main  - 3)Register as Customer
[main] 2021-08-229 18:10:49 INFO  com.app.Main  - 4)EXIT
[main] 2021-08-229 18:10:49 INFO  com.app.Main  - Please enter your choice 1-4 only
[main] 2021-08-229 18:47:30 INFO  com.app.Main  - Welcome to Hari's Online Shopping APP
[main] 2021-08-229 18:47:30 INFO  com.app.Main  - --------------------------------------
[main] 2021-08-229 18:47:30 INFO  com.app.Main  - 
MAIN MENU
[main] 2021-08-229 18:47:30 INFO  com.app.Main  - 1)Login as Customer
[main] 2021-08-229 18:47:30 INFO  com.app.Main  - 2)Login as Employee
[main] 2021-08-229 18:47:30 INFO  com.app.Main  - 3)Register as Customer
[main] 2021-08-229 18:47:30 INFO  com.app.Main  - 4)EXIT
[main] 2021-08-229 18:47:30 INFO  com.app.Main  - Please enter your choice 1-4 only
[main] 2021-08-229 18:47:46 INFO  com.app.Main  - Register by using your First name, Last name, Email and Password
[main] 2021-08-229 18:47:46 INFO  com.app.Main  - Enter Customer First Name
[main] 2021-08-229 18:47:54 INFO  com.app.Main  - Enter Customer Last Name
[main] 2021-08-229 18:47:58 INFO  com.app.Main  - Enter Customer email
[main] 2021-08-229 18:48:12 INFO  com.app.Main  - Enter Customer password
[main] 2021-08-229 18:48:18 INFO  com.app.authentication.dao.impl.CustomerAuthenticationDAOImpl  - 1 row created successfully
[main] 2021-08-229 18:48:18 INFO  com.app.Main  - SignUp Successfull...Now you can SignIn
[main] 2021-08-229 18:48:18 INFO  com.app.Main  - Customer [id=1, firstName=Hari, lastName=Prasanth, email=hariprasanth123@gmail.com, password=hari@123]
[main] 2021-08-229 18:48:18 INFO  com.app.Main  - 
MAIN MENU
[main] 2021-08-229 18:48:18 INFO  com.app.Main  - 1)Login as Customer
[main] 2021-08-229 18:48:18 INFO  com.app.Main  - 2)Login as Employee
[main] 2021-08-229 18:48:18 INFO  com.app.Main  - 3)Register as Customer
[main] 2021-08-229 18:48:18 INFO  com.app.Main  - 4)EXIT
[main] 2021-08-229 18:48:18 INFO  com.app.Main  - Please enter your choice 1-4 only
[main] 2021-08-229 18:52:24 INFO  com.app.authentication.dao.impl.CustomerAuthenticationDAOImpl  - 1 row created successfully
[main] 2021-08-229 19:21:18 INFO  com.app.Main  - Welcome to Hari's Online Shopping APP
[main] 2021-08-229 19:21:18 INFO  com.app.Main  - --------------------------------------
[main] 2021-08-229 19:21:18 INFO  com.app.Main  - 
MAIN MENU
[main] 2021-08-229 19:21:18 INFO  com.app.Main  - 1)Login as Customer
[main] 2021-08-229 19:21:18 INFO  com.app.Main  - 2)Login as Employee
[main] 2021-08-229 19:21:18 INFO  com.app.Main  - 3)Register as Customer
[main] 2021-08-229 19:21:18 INFO  com.app.Main  - 4)EXIT
[main] 2021-08-229 19:21:18 INFO  com.app.Main  - Please enter your choice 1-4 only
[main] 2021-08-229 19:21:27 INFO  com.app.Main  - Register by using your First name, Last name, Email and Password
[main] 2021-08-229 19:21:27 INFO  com.app.Main  - Enter Customer First Name
[main] 2021-08-229 19:21:32 INFO  com.app.Main  - Enter Customer Last Name
[main] 2021-08-229 19:21:34 INFO  com.app.Main  - Enter Customer email
[main] 2021-08-229 19:21:45 INFO  com.app.Main  - Enter Customer password
[main] 2021-08-229 19:22:00 INFO  com.app.authentication.dao.impl.CustomerAuthenticationDAOImpl  - 1 row created successfully
[main] 2021-08-229 19:22:00 INFO  com.app.Main  - SignUp Successfull...Now you can SignIn
[main] 2021-08-229 19:22:00 INFO  com.app.Main  - Customer [id=3, firstName=Dinesh, lastName=Kumar, email=dineshkumar123@gmail.com, password=dinesh@123]
[main] 2021-08-229 19:22:00 INFO  com.app.Main  - 
MAIN MENU
[main] 2021-08-229 19:22:00 INFO  com.app.Main  - 1)Login as Customer
[main] 2021-08-229 19:22:00 INFO  com.app.Main  - 2)Login as Employee
[main] 2021-08-229 19:22:00 INFO  com.app.Main  - 3)Register as Customer
[main] 2021-08-229 19:22:00 INFO  com.app.Main  - 4)EXIT
[main] 2021-08-229 19:22:00 INFO  com.app.Main  - Please enter your choice 1-4 only
[main] 2021-08-229 19:27:44 INFO  com.app.Main  - Welcome to Hari's Online Shopping APP
[main] 2021-08-229 19:27:44 INFO  com.app.Main  - --------------------------------------
[main] 2021-08-229 19:27:44 INFO  com.app.Main  - 
MAIN MENU
[main] 2021-08-229 19:27:44 INFO  com.app.Main  - 1)Login as Customer
[main] 2021-08-229 19:27:44 INFO  com.app.Main  - 2)Login as Employee
[main] 2021-08-229 19:27:44 INFO  com.app.Main  - 3)Register as Customer
[main] 2021-08-229 19:27:44 INFO  com.app.Main  - 4)EXIT
[main] 2021-08-229 19:27:44 INFO  com.app.Main  - Please enter your choice 1-4 only
[main] 2021-08-229 19:27:50 INFO  com.app.Main  - Register by using your First name, Last name, Email and Password
[main] 2021-08-229 19:27:50 INFO  com.app.Main  - Enter Customer First Name
[main] 2021-08-229 19:27:59 INFO  com.app.Main  - Enter Customer Last Name
[main] 2021-08-229 19:28:05 INFO  com.app.Main  - Enter Customer email
[main] 2021-08-229 19:28:16 INFO  com.app.Main  - Enter Customer password
[main] 2021-08-229 19:28:22 INFO  com.app.Main  - SignUp Successfull...Now you can SignIn
[main] 2021-08-229 19:28:22 INFO  com.app.Main  - Customer [id=4, firstName=Bhalaji, lastName=Ram, email=bhalajiram123@gmail.com, password=bhalaji@123]
[main] 2021-08-229 19:28:22 INFO  com.app.Main  - 
MAIN MENU
[main] 2021-08-229 19:28:22 INFO  com.app.Main  - 1)Login as Customer
[main] 2021-08-229 19:28:22 INFO  com.app.Main  - 2)Login as Employee
[main] 2021-08-229 19:28:22 INFO  com.app.Main  - 3)Register as Customer
[main] 2021-08-229 19:28:22 INFO  com.app.Main  - 4)EXIT
[main] 2021-08-229 19:28:22 INFO  com.app.Main  - Please enter your choice 1-4 only
[main] 2021-08-229 19:32:23 INFO  com.app.Main  - Welcome to Hari's Online Shopping APP
[main] 2021-08-229 19:32:23 INFO  com.app.Main  - --------------------------------------
[main] 2021-08-229 19:32:23 INFO  com.app.Main  - 
MAIN MENU
[main] 2021-08-229 19:32:23 INFO  com.app.Main  - 1)Login as Customer
[main] 2021-08-229 19:32:23 INFO  com.app.Main  - 2)Login as Employee
[main] 2021-08-229 19:32:23 INFO  com.app.Main  - 3)Register as Customer
[main] 2021-08-229 19:32:23 INFO  com.app.Main  - 4)EXIT
[main] 2021-08-229 19:32:23 INFO  com.app.Main  - Please enter your choice 1-4 only
[main] 2021-08-229 19:32:27 INFO  com.app.Main  - Register by using your First name, Last name, Email and Password
[main] 2021-08-229 19:32:27 INFO  com.app.Main  - Enter Customer First Name
[main] 2021-08-229 19:32:34 INFO  com.app.Main  - Enter Customer Last Name
[main] 2021-08-229 19:32:37 INFO  com.app.Main  - Enter Customer Email
[main] 2021-08-229 19:32:46 INFO  com.app.Main  - Enter Customer Password
[main] 2021-08-229 19:32:54 INFO  com.app.Main  - Customer [id=1, firstName=Hari, lastName=Prasanth, email=hariprasanth123@gmail.com, password=hari@123]
[main] 2021-08-229 19:32:54 INFO  com.app.Main  - SignUp Successfull done...Now you can SignIn
[main] 2021-08-229 19:32:54 INFO  com.app.Main  - 
MAIN MENU
[main] 2021-08-229 19:32:54 INFO  com.app.Main  - 1)Login as Customer
[main] 2021-08-229 19:32:54 INFO  com.app.Main  - 2)Login as Employee
[main] 2021-08-229 19:32:54 INFO  com.app.Main  - 3)Register as Customer
[main] 2021-08-229 19:32:54 INFO  com.app.Main  - 4)EXIT
[main] 2021-08-229 19:32:54 INFO  com.app.Main  - Please enter your choice 1-4 only
[main] 2021-08-229 19:33:14 INFO  com.app.Main  - Register by using your First name, Last name, Email and Password
[main] 2021-08-229 19:33:14 INFO  com.app.Main  - Enter Customer First Name
[main] 2021-08-229 19:33:19 INFO  com.app.Main  - Enter Customer Last Name
[main] 2021-08-229 19:33:21 INFO  com.app.Main  - Enter Customer Email
[main] 2021-08-229 19:33:31 INFO  com.app.Main  - Enter Customer Password
[main] 2021-08-229 19:33:36 INFO  com.app.Main  - Customer [id=2, firstName=Dinesh, lastName=Kumar, email=dineshkumar123@gmail.com, password=dinesh@123]
[main] 2021-08-229 19:33:36 INFO  com.app.Main  - SignUp Successfull done...Now you can SignIn
[main] 2021-08-229 19:33:36 INFO  com.app.Main  - 
MAIN MENU
[main] 2021-08-229 19:33:36 INFO  com.app.Main  - 1)Login as Customer
[main] 2021-08-229 19:33:36 INFO  com.app.Main  - 2)Login as Employee
[main] 2021-08-229 19:33:36 INFO  com.app.Main  - 3)Register as Customer
[main] 2021-08-229 19:33:36 INFO  com.app.Main  - 4)EXIT
[main] 2021-08-229 19:33:36 INFO  com.app.Main  - Please enter your choice 1-4 only
[main] 2021-08-229 20:00:18 INFO  com.app.Main  - Welcome to Hari's Online Shopping APP
[main] 2021-08-229 20:00:18 INFO  com.app.Main  - --------------------------------------
[main] 2021-08-229 20:00:18 INFO  com.app.Main  - 
MAIN MENU
[main] 2021-08-229 20:00:18 INFO  com.app.Main  - 1)Login as Customer
[main] 2021-08-229 20:00:18 INFO  com.app.Main  - 2)Login as Employee
[main] 2021-08-229 20:00:18 INFO  com.app.Main  - 3)Register as Customer
[main] 2021-08-229 20:00:18 INFO  com.app.Main  - 4)EXIT
[main] 2021-08-229 20:00:18 INFO  com.app.Main  - Please enter your choice 1-4 only
[main] 2021-08-229 20:00:31 INFO  com.app.Main  - Customer Authentication
[main] 2021-08-229 20:00:31 INFO  com.app.Main  - Enter User Eamil
[main] 2021-08-229 20:00:42 INFO  com.app.Main  - Enter User Password
[main] 2021-08-229 20:00:48 INFO  com.app.Main  - SignIn Successfully done...
[main] 2021-08-229 20:00:48 INFO  com.app.Main  - 
MAIN MENU
[main] 2021-08-229 20:00:48 INFO  com.app.Main  - 1)Login as Customer
[main] 2021-08-229 20:00:48 INFO  com.app.Main  - 2)Login as Employee
[main] 2021-08-229 20:00:48 INFO  com.app.Main  - 3)Register as Customer
[main] 2021-08-229 20:00:48 INFO  com.app.Main  - 4)EXIT
[main] 2021-08-229 20:00:48 INFO  com.app.Main  - Please enter your choice 1-4 only
[main] 2021-08-229 20:00:59 INFO  com.app.Main  - Customer Authentication
[main] 2021-08-229 20:00:59 INFO  com.app.Main  - Enter User Eamil
[main] 2021-08-229 20:01:03 INFO  com.app.Main  - Enter User Password
[main] 2021-08-229 20:04:46 INFO  com.app.Main  - Welcome to Hari's Online Shopping APP
[main] 2021-08-229 20:04:46 INFO  com.app.Main  - --------------------------------------
[main] 2021-08-229 20:04:46 INFO  com.app.Main  - 
MAIN MENU
[main] 2021-08-229 20:04:46 INFO  com.app.Main  - 1)Login as Customer
[main] 2021-08-229 20:04:46 INFO  com.app.Main  - 2)Login as Employee
[main] 2021-08-229 20:04:46 INFO  com.app.Main  - 3)Register as Customer
[main] 2021-08-229 20:04:46 INFO  com.app.Main  - 4)EXIT
[main] 2021-08-229 20:04:46 INFO  com.app.Main  - Please enter your choice 1-4 only
[main] 2021-08-229 20:04:52 INFO  com.app.Main  - Customer Authentication
[main] 2021-08-229 20:04:52 INFO  com.app.Main  - Enter User Eamil
[main] 2021-08-229 20:05:01 INFO  com.app.Main  - Enter User Password
[main] 2021-08-229 20:07:58 INFO  com.app.Main  - Welcome to Hari's Online Shopping APP
[main] 2021-08-229 20:07:58 INFO  com.app.Main  - --------------------------------------
[main] 2021-08-229 20:07:58 INFO  com.app.Main  - 
MAIN MENU
[main] 2021-08-229 20:07:58 INFO  com.app.Main  - 1)Login as Customer
[main] 2021-08-229 20:07:58 INFO  com.app.Main  - 2)Login as Employee
[main] 2021-08-229 20:07:58 INFO  com.app.Main  - 3)Register as Customer
[main] 2021-08-229 20:07:58 INFO  com.app.Main  - 4)EXIT
[main] 2021-08-229 20:07:58 INFO  com.app.Main  - Please enter your choice 1-4 only
[main] 2021-08-229 20:08:01 INFO  com.app.Main  - Customer Authentication
[main] 2021-08-229 20:08:01 INFO  com.app.Main  - Enter User Eamil
[main] 2021-08-229 20:08:11 INFO  com.app.Main  - Enter User Password
[main] 2021-08-229 20:08:15 INFO  com.app.Main  - SignIn Successfully done...
[main] 2021-08-229 20:08:15 INFO  com.app.Main  - 
MAIN MENU
[main] 2021-08-229 20:08:15 INFO  com.app.Main  - 1)Login as Customer
[main] 2021-08-229 20:08:15 INFO  com.app.Main  - 2)Login as Employee
[main] 2021-08-229 20:08:15 INFO  com.app.Main  - 3)Register as Customer
[main] 2021-08-229 20:08:15 INFO  com.app.Main  - 4)EXIT
[main] 2021-08-229 20:08:15 INFO  com.app.Main  - Please enter your choice 1-4 only
[main] 2021-08-229 20:08:24 INFO  com.app.Main  - Customer Authentication
[main] 2021-08-229 20:08:24 INFO  com.app.Main  - Enter User Eamil
[main] 2021-08-229 20:08:29 INFO  com.app.Main  - Enter User Password
[main] 2021-08-229 20:19:26 INFO  com.app.Main  - Welcome to Hari's Online Shopping APP
[main] 2021-08-229 20:19:26 INFO  com.app.Main  - --------------------------------------
[main] 2021-08-229 20:19:26 INFO  com.app.Main  - 
MAIN MENU
[main] 2021-08-229 20:19:26 INFO  com.app.Main  - 1)Login as Customer
[main] 2021-08-229 20:19:26 INFO  com.app.Main  - 2)Login as Employee
[main] 2021-08-229 20:19:26 INFO  com.app.Main  - 3)Register as Customer
[main] 2021-08-229 20:19:26 INFO  com.app.Main  - 4)EXIT
[main] 2021-08-229 20:19:26 INFO  com.app.Main  - Please enter your choice 1-4 only
[main] 2021-08-229 20:19:31 INFO  com.app.Main  - Customer Authentication
[main] 2021-08-229 20:19:31 INFO  com.app.Main  - Enter User Eamil
[main] 2021-08-229 20:19:36 INFO  com.app.Main  - Enter User Password
[main] 2021-08-229 20:24:03 INFO  com.app.Main  - Welcome to Hari's Online Shopping APP
[main] 2021-08-229 20:24:03 INFO  com.app.Main  - --------------------------------------
[main] 2021-08-229 20:24:03 INFO  com.app.Main  - 
MAIN MENU
[main] 2021-08-229 20:24:03 INFO  com.app.Main  - 1)Login as Customer
[main] 2021-08-229 20:24:03 INFO  com.app.Main  - 2)Login as Employee
[main] 2021-08-229 20:24:03 INFO  com.app.Main  - 3)Register as Customer
[main] 2021-08-229 20:24:03 INFO  com.app.Main  - 4)EXIT
[main] 2021-08-229 20:24:03 INFO  com.app.Main  - Please enter your choice 1-4 only
[main] 2021-08-229 20:24:07 INFO  com.app.Main  - Customer Authentication
[main] 2021-08-229 20:24:07 INFO  com.app.Main  - Enter User Eamil
[main] 2021-08-229 20:24:16 INFO  com.app.Main  - Enter User Password
[main] 2021-08-229 20:24:22 INFO  com.app.Main  - SignIn Successfully done...
[main] 2021-08-229 20:24:22 INFO  com.app.Main  - 
MAIN MENU
[main] 2021-08-229 20:24:22 INFO  com.app.Main  - 1)Login as Customer
[main] 2021-08-229 20:24:22 INFO  com.app.Main  - 2)Login as Employee
[main] 2021-08-229 20:24:22 INFO  com.app.Main  - 3)Register as Customer
[main] 2021-08-229 20:24:22 INFO  com.app.Main  - 4)EXIT
[main] 2021-08-229 20:24:22 INFO  com.app.Main  - Please enter your choice 1-4 only
[main] 2021-08-229 20:24:49 INFO  com.app.Main  - Welcome to Hari's Online Shopping APP
[main] 2021-08-229 20:24:49 INFO  com.app.Main  - --------------------------------------
[main] 2021-08-229 20:24:49 INFO  com.app.Main  - 
MAIN MENU
[main] 2021-08-229 20:24:49 INFO  com.app.Main  - 1)Login as Customer
[main] 2021-08-229 20:24:49 INFO  com.app.Main  - 2)Login as Employee
[main] 2021-08-229 20:24:49 INFO  com.app.Main  - 3)Register as Customer
[main] 2021-08-229 20:24:49 INFO  com.app.Main  - 4)EXIT
[main] 2021-08-229 20:24:49 INFO  com.app.Main  - Please enter your choice 1-4 only
[main] 2021-08-229 20:24:52 INFO  com.app.Main  - Customer Authentication
[main] 2021-08-229 20:24:52 INFO  com.app.Main  - Enter User Eamil
[main] 2021-08-229 20:25:04 INFO  com.app.Main  - Enter User Password
[main] 2021-08-229 20:25:09 INFO  com.app.Main  - SignIn Unsuccessfull... Kindly Register first......
[main] 2021-08-229 20:25:09 INFO  com.app.Main  - 
MAIN MENU
[main] 2021-08-229 20:25:09 INFO  com.app.Main  - 1)Login as Customer
[main] 2021-08-229 20:25:09 INFO  com.app.Main  - 2)Login as Employee
[main] 2021-08-229 20:25:09 INFO  com.app.Main  - 3)Register as Customer
[main] 2021-08-229 20:25:09 INFO  com.app.Main  - 4)EXIT
[main] 2021-08-229 20:25:09 INFO  com.app.Main  - Please enter your choice 1-4 only
[main] 2021-08-229 20:27:16 INFO  com.app.Main  - Welcome to Hari's Online Shopping APP
[main] 2021-08-229 20:27:16 INFO  com.app.Main  - --------------------------------------
[main] 2021-08-229 20:27:16 INFO  com.app.Main  - 
MAIN MENU
[main] 2021-08-229 20:27:16 INFO  com.app.Main  - 1)Login as Customer
[main] 2021-08-229 20:27:16 INFO  com.app.Main  - 2)Login as Employee
[main] 2021-08-229 20:27:16 INFO  com.app.Main  - 3)Register as Customer
[main] 2021-08-229 20:27:16 INFO  com.app.Main  - 4)EXIT
[main] 2021-08-229 20:27:16 INFO  com.app.Main  - Please enter your choice 1-4 only
[main] 2021-08-229 20:27:19 INFO  com.app.Main  - Customer Authentication
[main] 2021-08-229 20:27:19 INFO  com.app.Main  - Enter User Eamil
[main] 2021-08-229 20:27:21 INFO  com.app.Main  - Enter User Password
[main] 2021-08-229 21:10:41 INFO  com.app.Main  - Welcome to Hari's Online Shopping APP
[main] 2021-08-229 21:10:41 INFO  com.app.Main  - --------------------------------------
[main] 2021-08-229 21:10:41 INFO  com.app.Main  - 
MAIN MENU
[main] 2021-08-229 21:10:41 INFO  com.app.Main  - 1)Login as Customer
[main] 2021-08-229 21:10:41 INFO  com.app.Main  - 2)Login as Employee
[main] 2021-08-229 21:10:41 INFO  com.app.Main  - 3)Register as Customer
[main] 2021-08-229 21:10:41 INFO  com.app.Main  - 4)EXIT
[main] 2021-08-229 21:10:41 INFO  com.app.Main  - Please enter your choice 1-4 only
[main] 2021-08-229 21:11:04 INFO  com.app.Main  - Customer Authentication
[main] 2021-08-229 21:11:04 INFO  com.app.Main  - Enter User Eamil
[main] 2021-08-229 21:11:09 INFO  com.app.Main  - Enter User Password
[main] 2021-08-229 21:12:04 INFO  com.app.Main  - Welcome to Hari's Online Shopping APP
[main] 2021-08-229 21:12:04 INFO  com.app.Main  - --------------------------------------
[main] 2021-08-229 21:12:04 INFO  com.app.Main  - 
MAIN MENU
[main] 2021-08-229 21:12:04 INFO  com.app.Main  - 1)Login as Customer
[main] 2021-08-229 21:12:04 INFO  com.app.Main  - 2)Login as Employee
[main] 2021-08-229 21:12:04 INFO  com.app.Main  - 3)Register as Customer
[main] 2021-08-229 21:12:04 INFO  com.app.Main  - 4)EXIT
[main] 2021-08-229 21:12:04 INFO  com.app.Main  - Please enter your choice 1-4 only
[main] 2021-08-229 21:12:08 INFO  com.app.Main  - Customer Authentication
[main] 2021-08-229 21:12:08 INFO  com.app.Main  - Enter User Eamil
[main] 2021-08-229 21:12:16 INFO  com.app.Main  - Enter User Password
[main] 2021-08-229 21:12:24 INFO  com.app.Main  - SignIn Successfully done...
[main] 2021-08-229 21:12:24 INFO  com.app.Main  - 
MAIN MENU
[main] 2021-08-229 21:12:24 INFO  com.app.Main  - 1)Login as Customer
[main] 2021-08-229 21:12:24 INFO  com.app.Main  - 2)Login as Employee
[main] 2021-08-229 21:12:24 INFO  com.app.Main  - 3)Register as Customer
[main] 2021-08-229 21:12:24 INFO  com.app.Main  - 4)EXIT
[main] 2021-08-229 21:12:24 INFO  com.app.Main  - Please enter your choice 1-4 only
[main] 2021-08-229 21:12:50 INFO  com.app.Main  - Customer Authentication
[main] 2021-08-229 21:12:50 INFO  com.app.Main  - Enter User Eamil
[main] 2021-08-229 21:13:04 INFO  com.app.Main  - Enter User Password
[main] 2021-08-229 21:15:34 INFO  com.app.Main  - Welcome to Hari's Online Shopping APP
[main] 2021-08-229 21:15:34 INFO  com.app.Main  - --------------------------------------
[main] 2021-08-229 21:15:34 INFO  com.app.Main  - 
MAIN MENU
[main] 2021-08-229 21:15:34 INFO  com.app.Main  - 1)Login as Customer
[main] 2021-08-229 21:15:34 INFO  com.app.Main  - 2)Login as Employee
[main] 2021-08-229 21:15:34 INFO  com.app.Main  - 3)Register as Customer
[main] 2021-08-229 21:15:34 INFO  com.app.Main  - 4)EXIT
[main] 2021-08-229 21:15:34 INFO  com.app.Main  - Please enter your choice 1-4 only
[main] 2021-08-229 21:15:41 INFO  com.app.Main  - Customer Authentication
[main] 2021-08-229 21:15:41 INFO  com.app.Main  - Enter User Eamil
[main] 2021-08-229 21:15:43 INFO  com.app.Main  - Enter User Password
[main] 2021-08-229 21:16:45 INFO  com.app.Main  - Welcome to Hari's Online Shopping APP
[main] 2021-08-229 21:16:45 INFO  com.app.Main  - --------------------------------------
[main] 2021-08-229 21:16:45 INFO  com.app.Main  - 
MAIN MENU
[main] 2021-08-229 21:16:45 INFO  com.app.Main  - 1)Login as Customer
[main] 2021-08-229 21:16:45 INFO  com.app.Main  - 2)Login as Employee
[main] 2021-08-229 21:16:45 INFO  com.app.Main  - 3)Register as Customer
[main] 2021-08-229 21:16:45 INFO  com.app.Main  - 4)EXIT
[main] 2021-08-229 21:16:45 INFO  com.app.Main  - Please enter your choice 1-4 only
[main] 2021-08-229 21:16:51 INFO  com.app.Main  - Customer Authentication
[main] 2021-08-229 21:16:51 INFO  com.app.Main  - Enter User Eamil
[main] 2021-08-229 21:16:58 INFO  com.app.Main  - Enter User Password
[main] 2021-08-229 21:17:03 INFO  com.app.Main  - SignIn Unsuccessfull... Kindly Register first......
[main] 2021-08-229 21:17:03 INFO  com.app.Main  - 
MAIN MENU
[main] 2021-08-229 21:17:03 INFO  com.app.Main  - 1)Login as Customer
[main] 2021-08-229 21:17:03 INFO  com.app.Main  - 2)Login as Employee
[main] 2021-08-229 21:17:03 INFO  com.app.Main  - 3)Register as Customer
[main] 2021-08-229 21:17:03 INFO  com.app.Main  - 4)EXIT
[main] 2021-08-229 21:17:03 INFO  com.app.Main  - Please enter your choice 1-4 only
[main] 2021-08-229 21:20:15 INFO  com.app.Main  - Welcome to Hari's Online Shopping APP
[main] 2021-08-229 21:20:15 INFO  com.app.Main  - --------------------------------------
[main] 2021-08-229 21:20:15 INFO  com.app.Main  - 
MAIN MENU
[main] 2021-08-229 21:20:15 INFO  com.app.Main  - 1)Login as Customer
[main] 2021-08-229 21:20:15 INFO  com.app.Main  - 2)Login as Employee
[main] 2021-08-229 21:20:15 INFO  com.app.Main  - 3)Register as Customer
[main] 2021-08-229 21:20:15 INFO  com.app.Main  - 4)EXIT
[main] 2021-08-229 21:20:15 INFO  com.app.Main  - Please enter your choice 1-4 only
[main] 2021-08-229 21:20:18 INFO  com.app.Main  - Customer Authentication
[main] 2021-08-229 21:20:18 INFO  com.app.Main  - Enter User Eamil
[main] 2021-08-229 21:20:27 INFO  com.app.Main  - Enter User Password
[main] 2021-08-229 21:21:05 INFO  com.app.Main  - Welcome to Hari's Online Shopping APP
[main] 2021-08-229 21:21:05 INFO  com.app.Main  - --------------------------------------
[main] 2021-08-229 21:21:05 INFO  com.app.Main  - 
MAIN MENU
[main] 2021-08-229 21:21:05 INFO  com.app.Main  - 1)Login as Customer
[main] 2021-08-229 21:21:05 INFO  com.app.Main  - 2)Login as Employee
[main] 2021-08-229 21:21:05 INFO  com.app.Main  - 3)Register as Customer
[main] 2021-08-229 21:21:05 INFO  com.app.Main  - 4)EXIT
[main] 2021-08-229 21:21:05 INFO  com.app.Main  - Please enter your choice 1-4 only
[main] 2021-08-229 21:21:07 INFO  com.app.Main  - Customer Authentication
[main] 2021-08-229 21:21:07 INFO  com.app.Main  - Enter User Eamil
[main] 2021-08-229 21:21:16 INFO  com.app.Main  - Enter User Password
[main] 2021-08-229 21:21:22 INFO  com.app.Main  - SignIn Unsuccessfull... Kindly Register first......
[main] 2021-08-229 21:21:22 INFO  com.app.Main  - 
MAIN MENU
[main] 2021-08-229 21:21:22 INFO  com.app.Main  - 1)Login as Customer
[main] 2021-08-229 21:21:22 INFO  com.app.Main  - 2)Login as Employee
[main] 2021-08-229 21:21:22 INFO  com.app.Main  - 3)Register as Customer
[main] 2021-08-229 21:21:22 INFO  com.app.Main  - 4)EXIT
[main] 2021-08-229 21:21:22 INFO  com.app.Main  - Please enter your choice 1-4 only
[main] 2021-08-229 21:22:03 INFO  com.app.Main  - Welcome to Hari's Online Shopping APP
[main] 2021-08-229 21:22:03 INFO  com.app.Main  - --------------------------------------
[main] 2021-08-229 21:22:03 INFO  com.app.Main  - 
MAIN MENU
[main] 2021-08-229 21:22:03 INFO  com.app.Main  - 1)Login as Customer
[main] 2021-08-229 21:22:03 INFO  com.app.Main  - 2)Login as Employee
[main] 2021-08-229 21:22:03 INFO  com.app.Main  - 3)Register as Customer
[main] 2021-08-229 21:22:03 INFO  com.app.Main  - 4)EXIT
[main] 2021-08-229 21:22:03 INFO  com.app.Main  - Please enter your choice 1-4 only
[main] 2021-08-229 21:22:05 INFO  com.app.Main  - Customer Authentication
[main] 2021-08-229 21:22:05 INFO  com.app.Main  - Enter User Eamil
[main] 2021-08-229 21:22:18 INFO  com.app.Main  - Enter User Password
[main] 2021-08-229 21:22:23 INFO  com.app.Main  - SignIn Successfully done...
[main] 2021-08-229 21:22:23 INFO  com.app.Main  - 
MAIN MENU
[main] 2021-08-229 21:22:23 INFO  com.app.Main  - 1)Login as Customer
[main] 2021-08-229 21:22:23 INFO  com.app.Main  - 2)Login as Employee
[main] 2021-08-229 21:22:23 INFO  com.app.Main  - 3)Register as Customer
[main] 2021-08-229 21:22:23 INFO  com.app.Main  - 4)EXIT
[main] 2021-08-229 21:22:23 INFO  com.app.Main  - Please enter your choice 1-4 only
[main] 2021-08-229 21:25:33 INFO  com.app.Main  - Welcome to Hari's Online Shopping APP
[main] 2021-08-229 21:25:33 INFO  com.app.Main  - --------------------------------------
[main] 2021-08-229 21:25:33 INFO  com.app.Main  - 
MAIN MENU
[main] 2021-08-229 21:25:33 INFO  com.app.Main  - 1)Login as Customer
[main] 2021-08-229 21:25:33 INFO  com.app.Main  - 2)Login as Employee
[main] 2021-08-229 21:25:33 INFO  com.app.Main  - 3)Register as Customer
[main] 2021-08-229 21:25:33 INFO  com.app.Main  - 4)EXIT
[main] 2021-08-229 21:25:33 INFO  com.app.Main  - Please enter your choice 1-4 only
[main] 2021-08-229 21:25:35 INFO  com.app.Main  - Customer Authentication
[main] 2021-08-229 21:25:35 INFO  com.app.Main  - Enter User Eamil
[main] 2021-08-229 21:25:46 INFO  com.app.Main  - Enter User Password
[main] 2021-08-229 21:25:51 INFO  com.app.Main  - SignIn Successfully done...
[main] 2021-08-229 21:25:51 INFO  com.app.Main  - 
MAIN MENU
[main] 2021-08-229 21:25:51 INFO  com.app.Main  - 1)Login as Customer
[main] 2021-08-229 21:25:51 INFO  com.app.Main  - 2)Login as Employee
[main] 2021-08-229 21:25:51 INFO  com.app.Main  - 3)Register as Customer
[main] 2021-08-229 21:25:51 INFO  com.app.Main  - 4)EXIT
[main] 2021-08-229 21:25:51 INFO  com.app.Main  - Please enter your choice 1-4 only
[main] 2021-08-229 21:25:58 INFO  com.app.Main  - Customer Authentication
[main] 2021-08-229 21:25:58 INFO  com.app.Main  - Enter User Eamil
[main] 2021-08-229 21:26:08 INFO  com.app.Main  - Enter User Password
[main] 2021-08-229 21:33:05 INFO  com.app.Main  - Welcome to Hari's Online Shopping APP
[main] 2021-08-229 21:33:05 INFO  com.app.Main  - --------------------------------------
[main] 2021-08-229 21:33:05 INFO  com.app.Main  - 
MAIN MENU
[main] 2021-08-229 21:33:05 INFO  com.app.Main  - 1)Login as Customer
[main] 2021-08-229 21:33:05 INFO  com.app.Main  - 2)Login as Employee
[main] 2021-08-229 21:33:05 INFO  com.app.Main  - 3)Register as Customer
[main] 2021-08-229 21:33:05 INFO  com.app.Main  - 4)EXIT
[main] 2021-08-229 21:33:05 INFO  com.app.Main  - Please enter your choice 1-4 only
[main] 2021-08-229 21:33:15 INFO  com.app.Main  - Customer Authentication
[main] 2021-08-229 21:33:15 INFO  com.app.Main  - Enter User Eamil
[main] 2021-08-229 21:33:25 INFO  com.app.Main  - Enter User Password
[main] 2021-08-229 21:33:32 INFO  com.app.Main  - SignIn Successfully done...
[main] 2021-08-229 21:33:32 INFO  com.app.Main  - 
MAIN MENU
[main] 2021-08-229 21:33:32 INFO  com.app.Main  - 1)Login as Customer
[main] 2021-08-229 21:33:32 INFO  com.app.Main  - 2)Login as Employee
[main] 2021-08-229 21:33:32 INFO  com.app.Main  - 3)Register as Customer
[main] 2021-08-229 21:33:32 INFO  com.app.Main  - 4)EXIT
[main] 2021-08-229 21:33:32 INFO  com.app.Main  - Please enter your choice 1-4 only
[main] 2021-08-229 21:33:41 INFO  com.app.Main  - Customer Authentication
[main] 2021-08-229 21:33:41 INFO  com.app.Main  - Enter User Eamil
[main] 2021-08-229 21:33:44 INFO  com.app.Main  - Enter User Password
[main] 2021-08-229 21:35:37 INFO  com.app.Main  - Welcome to Hari's Online Shopping APP
[main] 2021-08-229 21:35:37 INFO  com.app.Main  - --------------------------------------
[main] 2021-08-229 21:35:37 INFO  com.app.Main  - 
MAIN MENU
[main] 2021-08-229 21:35:37 INFO  com.app.Main  - 1)Login as Customer
[main] 2021-08-229 21:35:37 INFO  com.app.Main  - 2)Login as Employee
[main] 2021-08-229 21:35:37 INFO  com.app.Main  - 3)Register as Customer
[main] 2021-08-229 21:35:37 INFO  com.app.Main  - 4)EXIT
[main] 2021-08-229 21:35:37 INFO  com.app.Main  - Please enter your choice 1-4 only
[main] 2021-08-229 21:35:41 INFO  com.app.Main  - Customer Authentication
[main] 2021-08-229 21:35:41 INFO  com.app.Main  - Enter User Eamil
[main] 2021-08-229 21:35:43 INFO  com.app.Main  - Enter User Password
